2015-03-11 08:51:39 2268 [Note] Plugin 'FEDERATED' is disabled.
2015-03-11 08:51:40 2268 [Note] InnoDB: The InnoDB memory heap is disabled
2015-03-11 08:51:40 2268 [Note] InnoDB: Mutexes and rw_locks use Windows interlocked functions
2015-03-11 08:51:40 2268 [Note] InnoDB: Compressed tables use zlib 1.2.3
2015-03-11 08:51:40 2268 [Note] InnoDB: Not using CPU crc32 instructions
2015-03-11 08:51:40 2268 [Note] InnoDB: Initializing buffer pool, size = 128.0M
2015-03-11 08:51:40 2268 [Note] InnoDB: Completed initialization of buffer pool
2015-03-11 08:51:40 2268 [Note] InnoDB: Highest supported file format is Barracuda.
2015-03-11 08:51:40 2268 [Note] InnoDB: The log sequence numbers 6006740 and 6006740 in ibdata files do not match the log sequence number 6006926 in the ib_logfiles!
2015-03-11 08:51:40 2268 [Note] InnoDB: Database was not shutdown normally!
2015-03-11 08:51:40 2268 [Note] InnoDB: Starting crash recovery.
2015-03-11 08:51:40 2268 [Note] InnoDB: Reading tablespace information from the .ibd files...
2015-03-11 08:51:40 2268 [Note] InnoDB: Restoring possible half-written data pages 
2015-03-11 08:51:40 2268 [Note] InnoDB: from the doublewrite buffer...
InnoDB: Last MySQL binlog file position 0 5766, file name mysql-bin.000231
2015-03-11 08:51:42 2268 [Note] InnoDB: 128 rollback segment(s) are active.
2015-03-11 08:51:42 2268 [Note] InnoDB: Waiting for purge to start
2015-03-11 08:51:42 2268 [Note] InnoDB: 5.6.11 started; log sequence number 6006926
2015-03-11 08:51:42 2268 [Note] Recovering after a crash using mysql-bin
2015-03-11 08:51:42 2268 [Note] Starting crash recovery...
2015-03-11 08:51:42 2268 [Note] Crash recovery finished.
2015-03-11 08:51:43 2268 [Note] Server hostname (bind-address): '*'; port: 3306
2015-03-11 08:51:45 2268 [Note] IPv6 is not available.
2015-03-11 08:51:45 2268 [Note]   - '0.0.0.0' resolves to '0.0.0.0';
2015-03-11 08:51:45 2268 [Note] Server socket created on IP: '0.0.0.0'.
2015-04-22 09:22:24 3332 [Note] Plugin 'FEDERATED' is disabled.
2015-04-22 09:22:24 3332 [Note] InnoDB: The InnoDB memory heap is disabled
2015-04-22 09:22:24 3332 [Note] InnoDB: Mutexes and rw_locks use Windows interlocked functions
2015-04-22 09:22:24 3332 [Note] InnoDB: Compressed tables use zlib 1.2.3
2015-04-22 09:22:24 3332 [Note] InnoDB: Not using CPU crc32 instructions
2015-04-22 09:22:24 3332 [Note] InnoDB: Initializing buffer pool, size = 128.0M
2015-04-22 09:22:24 3332 [Note] InnoDB: Completed initialization of buffer pool
2015-04-22 09:22:24 3332 [Note] InnoDB: Highest supported file format is Barracuda.
2015-04-22 09:22:24 3332 [Note] InnoDB: The log sequence numbers 6143697 and 6143697 in ibdata files do not match the log sequence number 6143727 in the ib_logfiles!
2015-04-22 09:22:24 3332 [Note] InnoDB: Database was not shutdown normally!
2015-04-22 09:22:24 3332 [Note] InnoDB: Starting crash recovery.
2015-04-22 09:22:24 3332 [Note] InnoDB: Reading tablespace information from the .ibd files...
2015-04-22 09:22:25 3332 [Note] InnoDB: Restoring possible half-written data pages 
2015-04-22 09:22:25 3332 [Note] InnoDB: from the doublewrite buffer...
InnoDB: Last MySQL binlog file position 0 666, file name mysql-bin.000328
2015-04-22 09:22:27 3332 [Note] InnoDB: 128 rollback segment(s) are active.
2015-04-22 09:22:27 3332 [Note] InnoDB: Waiting for purge to start
2015-04-22 09:22:27 3332 [Note] InnoDB: 5.6.11 started; log sequence number 6143727
2015-04-22 09:22:27 3332 [Note] Recovering after a crash using mysql-bin
2015-04-22 09:22:27 3332 [Note] Starting crash recovery...
2015-04-22 09:22:27 3332 [Note] Crash recovery finished.
2015-04-22 09:22:28 3332 [Note] Server hostname (bind-address): '*'; port: 3306
2015-04-22 09:22:30 3332 [Note] IPv6 is not available.
2015-04-22 09:22:30 3332 [Note]   - '0.0.0.0' resolves to '0.0.0.0';
2015-04-22 09:22:30 3332 [Note] Server socket created on IP: '0.0.0.0'.
2015-04-22 09:22:32 3332 [Warning] InnoDB: Cannot open table mysql/slave_master_info from the internal data dictionary of InnoDB though the .frm file for the table exists. See http://dev.mysql.com/doc/refman/5.6/en/innodb-troubleshooting.html for how you can resolve the problem.
2015-04-22 09:22:32 3332 [Warning] Info table is not ready to be used. Table 'mysql.slave_master_info' cannot be opened.
2015-04-22 09:22:32 3332 [Warning] InnoDB: Cannot open table mysql/slave_worker_info from the internal data dictionary of InnoDB though the .frm file for the table exists. See http://dev.mysql.com/doc/refman/5.6/en/innodb-troubleshooting.html for how you can resolve the problem.
2015-04-22 09:22:32 3332 [Warning] InnoDB: Cannot open table mysql/slave_relay_log_info from the internal data dictionary of InnoDB though the .frm file for the table exists. See http://dev.mysql.com/doc/refman/5.6/en/innodb-troubleshooting.html for how you can resolve the problem.
2015-04-22 09:22:32 3332 [Warning] Info table is not ready to be used. Table 'mysql.slave_relay_log_info' cannot be opened.
2015-04-22 09:22:33 3332 [Note] Event Scheduler: Loaded 0 events
2015-04-22 09:22:33 3332 [Note] F:\UwAmp\bin\database\mysql-5.6.11\bin\mysqld.exe: ready for connections.
Version: '5.6.11-log'  socket: ''  port: 3306  MySQL Community Server (GPL)
