2014-08-07 17:27:39 3128 [Note] Plugin 'FEDERATED' is disabled.
2014-08-07 17:27:43 3128 [Note] InnoDB: The InnoDB memory heap is disabled
2014-08-07 17:27:43 3128 [Note] InnoDB: Mutexes and rw_locks use Windows interlocked functions
2014-08-07 17:27:43 3128 [Note] InnoDB: Compressed tables use zlib 1.2.3
2014-08-07 17:27:43 3128 [Note] InnoDB: Not using CPU crc32 instructions
2014-08-07 17:27:43 3128 [Note] InnoDB: Initializing buffer pool, size = 128.0M
2014-08-07 17:27:43 3128 [Note] InnoDB: Completed initialization of buffer pool
2014-08-07 17:27:43 3128 [Note] InnoDB: Highest supported file format is Barracuda.
2014-08-07 17:27:43 3128 [Note] InnoDB: The log sequence numbers 1618882 and 1618882 in ibdata files do not match the log sequence number 1622263 in the ib_logfiles!
2014-08-07 17:27:44 3128 [Note] InnoDB: Database was not shutdown normally!
2014-08-07 17:27:44 3128 [Note] InnoDB: Starting crash recovery.
2014-08-07 17:27:44 3128 [Note] InnoDB: Reading tablespace information from the .ibd files...
2014-08-07 17:27:44 3128 [Note] InnoDB: Restoring possible half-written data pages 
2014-08-07 17:27:45 3128 [Note] InnoDB: from the doublewrite buffer...
InnoDB: Last MySQL binlog file position 0 6082, file name mysql-bin.000002
2014-08-07 17:27:48 3128 [Note] InnoDB: 128 rollback segment(s) are active.
2014-08-07 17:27:48 3128 [Note] InnoDB: Waiting for purge to start
2014-08-07 17:27:48 3128 [Note] InnoDB: 5.6.11 started; log sequence number 1622263
2014-08-07 17:27:49 3128 [Note] Recovering after a crash using mysql-bin
2014-08-07 17:27:49 3128 [Note] Starting crash recovery...
2014-08-07 17:27:49 3128 [Note] Crash recovery finished.
2014-08-07 17:27:50 3128 [Note] Server hostname (bind-address): '*'; port: 3306
2014-08-07 17:27:51 3128 [Note] IPv6 is available.
2014-08-07 17:27:52 3128 [Note]   - '::' resolves to '::';
2014-08-07 17:27:52 3128 [Note] Server socket created on IP: '::'.
2014-08-07 17:27:53 3128 [Warning] InnoDB: Cannot open table mysql/slave_master_info from the internal data dictionary of InnoDB though the .frm file for the table exists. See http://dev.mysql.com/doc/refman/5.6/en/innodb-troubleshooting.html for how you can resolve the problem.
2014-08-07 17:27:53 3128 [Warning] Info table is not ready to be used. Table 'mysql.slave_master_info' cannot be opened.
2014-08-07 17:27:53 3128 [Warning] InnoDB: Cannot open table mysql/slave_worker_info from the internal data dictionary of InnoDB though the .frm file for the table exists. See http://dev.mysql.com/doc/refman/5.6/en/innodb-troubleshooting.html for how you can resolve the problem.
2014-08-07 17:27:53 3128 [Warning] InnoDB: Cannot open table mysql/slave_relay_log_info from the internal data dictionary of InnoDB though the .frm file for the table exists. See http://dev.mysql.com/doc/refman/5.6/en/innodb-troubleshooting.html for how you can resolve the problem.
2014-08-07 17:27:53 3128 [Warning] Info table is not ready to be used. Table 'mysql.slave_relay_log_info' cannot be opened.
2014-08-07 17:27:54 3128 [Note] Event Scheduler: Loaded 0 events
2014-08-07 17:27:54 3128 [Note] F:\UwAmp\bin\database\mysql-5.6.11\bin\mysqld.exe: ready for connections.
Version: '5.6.11-log'  socket: ''  port: 3306  MySQL Community Server (GPL)
2014-08-07 17:28:51 10d8 InnoDB: Error: Table "mysql"."innodb_table_stats" not found.
2014-08-07 17:28:51 10d8 InnoDB: Error: Fetch of persistent statistics requested for table "mferraz"."pagina" but the required system tables mysql.innodb_table_stats and mysql.innodb_index_stats are not present or have unexpected structure. Using transient stats instead.
2014-08-07 17:30:23 3128 [Note] F:\UwAmp\bin\database\mysql-5.6.11\bin\mysqld.exe: Normal shutdown

2014-08-07 17:30:23 3128 [Note] Giving 0 client threads a chance to die gracefully
2014-08-07 17:30:23 3128 [Note] Event Scheduler: Purging the queue. 0 events
2014-08-07 17:30:23 3128 [Note] Shutting down slave threads
2014-08-07 17:30:23 3128 [Note] Forcefully disconnecting 0 remaining clients
2014-08-07 17:30:23 3128 [Note] Binlog end
2014-08-07 17:30:23 3128 [Note] Shutting down plugin 'partition'
2014-08-07 17:30:24 3128 [Note] Shutting down plugin 'PERFORMANCE_SCHEMA'
2014-08-07 17:30:24 3128 [Note] Shutting down plugin 'INNODB_SYS_DATAFILES'
2014-08-07 17:30:24 3128 [Note] Shutting down plugin 'INNODB_SYS_TABLESPACES'
2014-08-07 17:30:24 3128 [Note] Shutting down plugin 'INNODB_SYS_FOREIGN_COLS'
2014-08-07 17:30:24 3128 [Note] Shutting down plugin 'INNODB_SYS_FOREIGN'
2014-08-07 17:30:24 3128 [Note] Shutting down plugin 'INNODB_SYS_FIELDS'
2014-08-07 17:30:24 3128 [Note] Shutting down plugin 'INNODB_SYS_COLUMNS'
2014-08-07 17:30:24 3128 [Note] Shutting down plugin 'INNODB_SYS_INDEXES'
2014-08-07 17:30:24 3128 [Note] Shutting down plugin 'INNODB_SYS_TABLESTATS'
2014-08-07 17:30:24 3128 [Note] Shutting down plugin 'INNODB_SYS_TABLES'
2014-08-07 17:30:24 3128 [Note] Shutting down plugin 'INNODB_FT_INDEX_TABLE'
2014-08-07 17:30:24 3128 [Note] Shutting down plugin 'INNODB_FT_INDEX_CACHE'
2014-08-07 17:30:24 3128 [Note] Shutting down plugin 'INNODB_FT_CONFIG'
2014-08-07 17:30:24 3128 [Note] Shutting down plugin 'INNODB_FT_BEING_DELETED'
2014-08-07 17:30:24 3128 [Note] Shutting down plugin 'INNODB_FT_DELETED'
2014-08-07 17:30:24 3128 [Note] Shutting down plugin 'INNODB_FT_DEFAULT_STOPWORD'
2014-08-07 17:30:24 3128 [Note] Shutting down plugin 'INNODB_METRICS'
2014-08-07 17:30:24 3128 [Note] Shutting down plugin 'INNODB_BUFFER_POOL_STATS'
2014-08-07 17:30:24 3128 [Note] Shutting down plugin 'INNODB_BUFFER_PAGE_LRU'
2014-08-07 17:30:24 3128 [Note] Shutting down plugin 'INNODB_BUFFER_PAGE'
2014-08-07 17:30:24 3128 [Note] Shutting down plugin 'INNODB_CMP_PER_INDEX_RESET'
2014-08-07 17:30:24 3128 [Note] Shutting down plugin 'INNODB_CMP_PER_INDEX'
2014-08-07 17:30:24 3128 [Note] Shutting down plugin 'INNODB_CMPMEM_RESET'
2014-08-07 17:30:24 3128 [Note] Shutting down plugin 'INNODB_CMPMEM'
2014-08-07 17:30:24 3128 [Note] Shutting down plugin 'INNODB_CMP_RESET'
2014-08-07 17:30:24 3128 [Note] Shutting down plugin 'INNODB_CMP'
2014-08-07 17:30:24 3128 [Note] Shutting down plugin 'INNODB_LOCK_WAITS'
2014-08-07 17:30:24 3128 [Note] Shutting down plugin 'INNODB_LOCKS'
2014-08-07 17:30:24 3128 [Note] Shutting down plugin 'INNODB_TRX'
2014-08-07 17:30:24 3128 [Note] Shutting down plugin 'InnoDB'
2014-08-07 17:30:24 3128 [Note] InnoDB: FTS optimize thread exiting.
2014-08-07 17:30:24 3128 [Note] InnoDB: Starting shutdown...
2014-08-07 17:30:25 3128 [Note] InnoDB: Shutdown completed; log sequence number 1622273
2014-08-07 17:30:25 3128 [Note] Shutting down plugin 'BLACKHOLE'
2014-08-07 17:30:25 3128 [Note] Shutting down plugin 'ARCHIVE'
2014-08-07 17:30:25 3128 [Note] Shutting down plugin 'MRG_MYISAM'
2014-08-07 17:30:25 3128 [Note] Shutting down plugin 'MyISAM'
2014-08-07 17:30:25 3128 [Note] Shutting down plugin 'MEMORY'
2014-08-07 17:30:25 3128 [Note] Shutting down plugin 'CSV'
2014-08-07 17:30:25 3128 [Note] Shutting down plugin 'sha256_password'
2014-08-07 17:30:25 3128 [Note] Shutting down plugin 'mysql_old_password'
2014-08-07 17:30:25 3128 [Note] Shutting down plugin 'mysql_native_password'
2014-08-07 17:30:25 3128 [Note] Shutting down plugin 'binlog'
2014-08-07 17:30:25 3128 [Note] F:\UwAmp\bin\database\mysql-5.6.11\bin\mysqld.exe: Shutdown complete

2014-10-01 21:24:35 1540 [Note] Plugin 'FEDERATED' is disabled.
2014-10-01 21:24:35 1540 [Note] InnoDB: The InnoDB memory heap is disabled
2014-10-01 21:24:35 1540 [Note] InnoDB: Mutexes and rw_locks use Windows interlocked functions
2014-10-01 21:24:35 1540 [Note] InnoDB: Compressed tables use zlib 1.2.3
2014-10-01 21:24:35 1540 [Note] InnoDB: Not using CPU crc32 instructions
2014-10-01 21:24:35 1540 [Note] InnoDB: Initializing buffer pool, size = 128.0M
2014-10-01 21:24:35 1540 [Note] InnoDB: Completed initialization of buffer pool
2014-10-01 21:24:36 1540 [Note] InnoDB: Highest supported file format is Barracuda.
2014-10-01 21:24:36 1540 [Note] InnoDB: 128 rollback segment(s) are active.
2014-10-01 21:24:37 1540 [Note] InnoDB: Waiting for purge to start
2014-10-01 21:24:37 1540 [Note] InnoDB: 5.6.11 started; log sequence number 1700598
2014-10-01 21:24:38 1540 [Note] Server hostname (bind-address): '*'; port: 3308
2014-10-01 21:24:38 1540 [Note] IPv6 is available.
2014-10-01 21:24:38 1540 [Note]   - '::' resolves to '::';
2014-10-01 21:24:38 1540 [Note] Server socket created on IP: '::'.
2014-10-01 21:24:39 1540 [Warning] InnoDB: Cannot open table mysql/slave_master_info from the internal data dictionary of InnoDB though the .frm file for the table exists. See http://dev.mysql.com/doc/refman/5.6/en/innodb-troubleshooting.html for how you can resolve the problem.
2014-10-01 21:24:39 1540 [Warning] Info table is not ready to be used. Table 'mysql.slave_master_info' cannot be opened.
2014-10-01 21:24:39 1540 [Warning] InnoDB: Cannot open table mysql/slave_worker_info from the internal data dictionary of InnoDB though the .frm file for the table exists. See http://dev.mysql.com/doc/refman/5.6/en/innodb-troubleshooting.html for how you can resolve the problem.
2014-10-01 21:24:39 1540 [Warning] InnoDB: Cannot open table mysql/slave_relay_log_info from the internal data dictionary of InnoDB though the .frm file for the table exists. See http://dev.mysql.com/doc/refman/5.6/en/innodb-troubleshooting.html for how you can resolve the problem.
2014-10-01 21:24:39 1540 [Warning] Info table is not ready to be used. Table 'mysql.slave_relay_log_info' cannot be opened.
2014-10-01 21:24:40 1540 [Note] Event Scheduler: Loaded 0 events
2014-10-01 21:24:40 1540 [Note] F:\UwAmp\bin\database\mysql-5.6.11\bin\mysqld.exe: ready for connections.
Version: '5.6.11-log'  socket: ''  port: 3308  MySQL Community Server (GPL)
2014-10-01 22:20:11 1540 [Note] F:\UwAmp\bin\database\mysql-5.6.11\bin\mysqld.exe: Normal shutdown

2014-10-01 22:20:11 1540 [Note] Giving 0 client threads a chance to die gracefully
2014-10-01 22:20:11 1540 [Note] Event Scheduler: Purging the queue. 0 events
2014-10-01 22:20:11 1540 [Note] Shutting down slave threads
2014-10-01 22:20:11 1540 [Note] Forcefully disconnecting 0 remaining clients
2014-10-01 22:20:11 1540 [Note] Binlog end
2014-10-01 22:20:12 1540 [Note] Shutting down plugin 'partition'
2014-10-01 22:20:12 1540 [Note] Shutting down plugin 'PERFORMANCE_SCHEMA'
2014-10-01 22:20:12 1540 [Note] Shutting down plugin 'INNODB_SYS_DATAFILES'
2014-10-01 22:20:12 1540 [Note] Shutting down plugin 'INNODB_SYS_TABLESPACES'
2014-10-01 22:20:12 1540 [Note] Shutting down plugin 'INNODB_SYS_FOREIGN_COLS'
2014-10-01 22:20:12 1540 [Note] Shutting down plugin 'INNODB_SYS_FOREIGN'
2014-10-01 22:20:12 1540 [Note] Shutting down plugin 'INNODB_SYS_FIELDS'
2014-10-01 22:20:12 1540 [Note] Shutting down plugin 'INNODB_SYS_COLUMNS'
2014-10-01 22:20:12 1540 [Note] Shutting down plugin 'INNODB_SYS_INDEXES'
2014-10-01 22:20:12 1540 [Note] Shutting down plugin 'INNODB_SYS_TABLESTATS'
2014-10-01 22:20:12 1540 [Note] Shutting down plugin 'INNODB_SYS_TABLES'
2014-10-01 22:20:12 1540 [Note] Shutting down plugin 'INNODB_FT_INDEX_TABLE'
2014-10-01 22:20:12 1540 [Note] Shutting down plugin 'INNODB_FT_INDEX_CACHE'
2014-10-01 22:20:12 1540 [Note] Shutting down plugin 'INNODB_FT_CONFIG'
2014-10-01 22:20:12 1540 [Note] Shutting down plugin 'INNODB_FT_BEING_DELETED'
2014-10-01 22:20:12 1540 [Note] Shutting down plugin 'INNODB_FT_DELETED'
2014-10-01 22:20:12 1540 [Note] Shutting down plugin 'INNODB_FT_DEFAULT_STOPWORD'
2014-10-01 22:20:12 1540 [Note] Shutting down plugin 'INNODB_METRICS'
2014-10-01 22:20:12 1540 [Note] Shutting down plugin 'INNODB_BUFFER_POOL_STATS'
2014-10-01 22:20:12 1540 [Note] Shutting down plugin 'INNODB_BUFFER_PAGE_LRU'
2014-10-01 22:20:12 1540 [Note] Shutting down plugin 'INNODB_BUFFER_PAGE'
2014-10-01 22:20:12 1540 [Note] Shutting down plugin 'INNODB_CMP_PER_INDEX_RESET'
2014-10-01 22:20:12 1540 [Note] Shutting down plugin 'INNODB_CMP_PER_INDEX'
2014-10-01 22:20:12 1540 [Note] Shutting down plugin 'INNODB_CMPMEM_RESET'
2014-10-01 22:20:12 1540 [Note] Shutting down plugin 'INNODB_CMPMEM'
2014-10-01 22:20:12 1540 [Note] Shutting down plugin 'INNODB_CMP_RESET'
2014-10-01 22:20:12 1540 [Note] Shutting down plugin 'INNODB_CMP'
2014-10-01 22:20:12 1540 [Note] Shutting down plugin 'INNODB_LOCK_WAITS'
2014-10-01 22:20:12 1540 [Note] Shutting down plugin 'INNODB_LOCKS'
2014-10-01 22:20:12 1540 [Note] Shutting down plugin 'INNODB_TRX'
2014-10-01 22:20:12 1540 [Note] Shutting down plugin 'InnoDB'
2014-10-01 22:20:12 1540 [Note] InnoDB: FTS optimize thread exiting.
2014-10-01 22:20:12 1540 [Note] InnoDB: Starting shutdown...
2014-10-01 22:20:13 1540 [Note] InnoDB: Shutdown completed; log sequence number 1700608
2014-10-01 22:20:13 1540 [Note] Shutting down plugin 'BLACKHOLE'
2014-10-01 22:20:13 1540 [Note] Shutting down plugin 'ARCHIVE'
2014-10-01 22:20:13 1540 [Note] Shutting down plugin 'MRG_MYISAM'
2014-10-01 22:20:13 1540 [Note] Shutting down plugin 'MyISAM'
2014-10-01 22:20:13 1540 [Note] Shutting down plugin 'MEMORY'
2014-10-01 22:20:13 1540 [Note] Shutting down plugin 'CSV'
2014-10-01 22:20:13 1540 [Note] Shutting down plugin 'sha256_password'
2014-10-01 22:20:13 1540 [Note] Shutting down plugin 'mysql_old_password'
2014-10-01 22:20:13 1540 [Note] Shutting down plugin 'mysql_native_password'
2014-10-01 22:20:13 1540 [Note] Shutting down plugin 'binlog'
2014-10-01 22:20:13 1540 [Note] F:\UwAmp\bin\database\mysql-5.6.11\bin\mysqld.exe: Shutdown complete

2014-10-17 18:19:37 5524 [Note] Plugin 'FEDERATED' is disabled.
2014-10-17 18:19:38 5524 [Note] InnoDB: The InnoDB memory heap is disabled
2014-10-17 18:19:38 5524 [Note] InnoDB: Mutexes and rw_locks use Windows interlocked functions
2014-10-17 18:19:38 5524 [Note] InnoDB: Compressed tables use zlib 1.2.3
2014-10-17 18:19:38 5524 [Note] InnoDB: Not using CPU crc32 instructions
2014-10-17 18:19:38 5524 [Note] InnoDB: Initializing buffer pool, size = 128.0M
2014-10-17 18:19:38 5524 [Note] InnoDB: Completed initialization of buffer pool
2014-10-17 18:19:38 5524 [Note] InnoDB: Highest supported file format is Barracuda.
2014-10-17 18:19:39 5524 [Note] InnoDB: The log sequence numbers 1701197 and 1701197 in ibdata files do not match the log sequence number 1701237 in the ib_logfiles!
2014-10-17 18:19:39 5524 [Note] InnoDB: Database was not shutdown normally!
2014-10-17 18:19:39 5524 [Note] InnoDB: Starting crash recovery.
2014-10-17 18:19:39 5524 [Note] InnoDB: Reading tablespace information from the .ibd files...
2014-10-17 18:19:40 5524 [Note] InnoDB: Restoring possible half-written data pages 
2014-10-17 18:19:40 5524 [Note] InnoDB: from the doublewrite buffer...
InnoDB: Last MySQL binlog file position 0 1470, file name mysql-bin.000110
2014-10-17 18:19:43 5524 [Note] InnoDB: 128 rollback segment(s) are active.
2014-10-17 18:19:43 5524 [Note] InnoDB: Waiting for purge to start
2014-10-17 18:19:43 5524 [Note] InnoDB: 5.6.11 started; log sequence number 1701237
2014-10-17 18:19:43 5524 [Note] Recovering after a crash using mysql-bin
2014-10-17 18:19:43 5524 [Note] Starting crash recovery...
2014-10-17 18:19:43 5524 [Note] Crash recovery finished.
2014-10-17 18:19:57 5524 [Note] Server hostname (bind-address): '*'; port: 3306
2014-10-17 18:19:57 5524 [Note] IPv6 is available.
2014-10-17 18:19:57 5524 [Note]   - '::' resolves to '::';
2014-10-17 18:19:57 5524 [Note] Server socket created on IP: '::'.
2014-10-17 18:20:02 5524 [Warning] InnoDB: Cannot open table mysql/slave_master_info from the internal data dictionary of InnoDB though the .frm file for the table exists. See http://dev.mysql.com/doc/refman/5.6/en/innodb-troubleshooting.html for how you can resolve the problem.
2014-10-17 18:20:02 5524 [Warning] Info table is not ready to be used. Table 'mysql.slave_master_info' cannot be opened.
2014-10-17 18:20:03 5524 [Warning] InnoDB: Cannot open table mysql/slave_worker_info from the internal data dictionary of InnoDB though the .frm file for the table exists. See http://dev.mysql.com/doc/refman/5.6/en/innodb-troubleshooting.html for how you can resolve the problem.
2014-10-17 18:20:03 5524 [Warning] InnoDB: Cannot open table mysql/slave_relay_log_info from the internal data dictionary of InnoDB though the .frm file for the table exists. See http://dev.mysql.com/doc/refman/5.6/en/innodb-troubleshooting.html for how you can resolve the problem.
2014-10-17 18:20:03 5524 [Warning] Info table is not ready to be used. Table 'mysql.slave_relay_log_info' cannot be opened.
2014-10-17 18:20:06 5524 [Note] Event Scheduler: Loaded 0 events
2014-10-17 18:20:06 5524 [Note] F:\UwAmp\bin\database\mysql-5.6.11\bin\mysqld.exe: ready for connections.
Version: '5.6.11-log'  socket: ''  port: 3306  MySQL Community Server (GPL)
2014-10-17 18:22:05 1134 InnoDB: Error: Table "mysql"."innodb_table_stats" not found.
2014-10-17 18:22:05 1134 InnoDB: Error: Fetch of persistent statistics requested for table "etec"."login" but the required system tables mysql.innodb_table_stats and mysql.innodb_index_stats are not present or have unexpected structure. Using transient stats instead.
