2015-08-13 08:20:39 4040 [Note] Plugin 'FEDERATED' is disabled.
2015-08-13 08:20:39 4040 [Note] InnoDB: The InnoDB memory heap is disabled
2015-08-13 08:20:39 4040 [Note] InnoDB: Mutexes and rw_locks use Windows interlocked functions
2015-08-13 08:20:39 4040 [Note] InnoDB: Compressed tables use zlib 1.2.3
2015-08-13 08:20:39 4040 [Note] InnoDB: Not using CPU crc32 instructions
2015-08-13 08:20:39 4040 [Note] InnoDB: Initializing buffer pool, size = 128.0M
2015-08-13 08:20:39 4040 [Note] InnoDB: Completed initialization of buffer pool
2015-08-13 08:20:39 4040 [Note] InnoDB: Highest supported file format is Barracuda.
2015-08-13 08:20:39 4040 [Note] InnoDB: The log sequence numbers 6143697 and 6143697 in ibdata files do not match the log sequence number 6143797 in the ib_logfiles!
2015-08-13 08:20:39 4040 [Note] InnoDB: Database was not shutdown normally!
2015-08-13 08:20:39 4040 [Note] InnoDB: Starting crash recovery.
2015-08-13 08:20:39 4040 [Note] InnoDB: Reading tablespace information from the .ibd files...
2015-08-13 08:20:40 4040 [Note] InnoDB: Restoring possible half-written data pages 
2015-08-13 08:20:40 4040 [Note] InnoDB: from the doublewrite buffer...
InnoDB: Last MySQL binlog file position 0 666, file name mysql-bin.000328
2015-08-13 08:20:40 4040 [Note] InnoDB: 128 rollback segment(s) are active.
2015-08-13 08:20:40 4040 [Note] InnoDB: Waiting for purge to start
2015-08-13 08:20:40 4040 [Note] InnoDB: 5.6.11 started; log sequence number 6143797
2015-08-13 08:20:41 4040 [Note] Recovering after a crash using mysql-bin
2015-08-13 08:20:41 4040 [Note] Starting crash recovery...
2015-08-13 08:20:41 4040 [Note] Crash recovery finished.
2015-08-13 08:20:41 4040 [Note] Server hostname (bind-address): '*'; port: 3306
2015-08-13 08:20:41 4040 [Note] IPv6 is available.
2015-08-13 08:20:41 4040 [Note]   - '::' resolves to '::';
2015-08-13 08:20:41 4040 [Note] Server socket created on IP: '::'.
2015-08-13 08:20:42 4040 [Warning] InnoDB: Cannot open table mysql/slave_master_info from the internal data dictionary of InnoDB though the .frm file for the table exists. See http://dev.mysql.com/doc/refman/5.6/en/innodb-troubleshooting.html for how you can resolve the problem.
2015-08-13 08:20:42 4040 [Warning] Info table is not ready to be used. Table 'mysql.slave_master_info' cannot be opened.
2015-08-13 08:20:42 4040 [Warning] InnoDB: Cannot open table mysql/slave_worker_info from the internal data dictionary of InnoDB though the .frm file for the table exists. See http://dev.mysql.com/doc/refman/5.6/en/innodb-troubleshooting.html for how you can resolve the problem.
2015-08-13 08:20:42 4040 [Warning] InnoDB: Cannot open table mysql/slave_relay_log_info from the internal data dictionary of InnoDB though the .frm file for the table exists. See http://dev.mysql.com/doc/refman/5.6/en/innodb-troubleshooting.html for how you can resolve the problem.
2015-08-13 08:20:42 4040 [Warning] Info table is not ready to be used. Table 'mysql.slave_relay_log_info' cannot be opened.
2015-08-13 08:20:42 4040 [Note] Event Scheduler: Loaded 0 events
2015-08-13 08:20:42 4040 [Note] E:\ARQUIVOS\[USERS]\SCHOOL\Pendrive School\Arquivos\TECNICO\DS-desenvolvimentoDEsoftware\UwAmp\bin\database\mysql-5.6.11\bin\mysqld.exe: ready for connections.
Version: '5.6.11-log'  socket: ''  port: 3306  MySQL Community Server (GPL)
