2015-05-21 07:55:00 448 [Note] Plugin 'FEDERATED' is disabled.
2015-05-21 07:55:00 448 [Note] InnoDB: The InnoDB memory heap is disabled
2015-05-21 07:55:00 448 [Note] InnoDB: Mutexes and rw_locks use Windows interlocked functions
2015-05-21 07:55:00 448 [Note] InnoDB: Compressed tables use zlib 1.2.3
2015-05-21 07:55:00 448 [Note] InnoDB: Not using CPU crc32 instructions
2015-05-21 07:55:00 448 [Note] InnoDB: Initializing buffer pool, size = 128.0M
2015-05-21 07:55:00 448 [Note] InnoDB: Completed initialization of buffer pool
2015-05-21 07:55:00 448 [Note] InnoDB: Highest supported file format is Barracuda.
2015-05-21 07:55:01 448 [Note] InnoDB: The log sequence numbers 6143697 and 6143697 in ibdata files do not match the log sequence number 6143767 in the ib_logfiles!
2015-05-21 07:55:01 448 [Note] InnoDB: Database was not shutdown normally!
2015-05-21 07:55:01 448 [Note] InnoDB: Starting crash recovery.
2015-05-21 07:55:01 448 [Note] InnoDB: Reading tablespace information from the .ibd files...
2015-05-21 07:55:03 448 [Note] InnoDB: Restoring possible half-written data pages 
2015-05-21 07:55:03 448 [Note] InnoDB: from the doublewrite buffer...
InnoDB: Last MySQL binlog file position 0 666, file name mysql-bin.000328
2015-05-21 07:55:08 448 [Note] InnoDB: 128 rollback segment(s) are active.
2015-05-21 07:55:08 448 [Note] InnoDB: Waiting for purge to start
2015-05-21 07:55:08 448 [Note] InnoDB: 5.6.11 started; log sequence number 6143767
2015-05-21 07:55:08 448 [Note] Recovering after a crash using mysql-bin
2015-05-21 07:55:08 448 [Note] Starting crash recovery...
2015-05-21 07:55:08 448 [Note] Crash recovery finished.
2015-05-21 07:55:09 448 [Note] Server hostname (bind-address): '*'; port: 3306
2015-05-21 07:55:09 448 [Note] IPv6 is available.
2015-05-21 07:55:09 448 [Note]   - '::' resolves to '::';
2015-05-21 07:55:09 448 [Note] Server socket created on IP: '::'.
2015-05-21 07:55:09 448 [Warning] InnoDB: Cannot open table mysql/slave_master_info from the internal data dictionary of InnoDB though the .frm file for the table exists. See http://dev.mysql.com/doc/refman/5.6/en/innodb-troubleshooting.html for how you can resolve the problem.
2015-05-21 07:55:09 448 [Warning] Info table is not ready to be used. Table 'mysql.slave_master_info' cannot be opened.
2015-05-21 07:55:09 448 [Warning] InnoDB: Cannot open table mysql/slave_worker_info from the internal data dictionary of InnoDB though the .frm file for the table exists. See http://dev.mysql.com/doc/refman/5.6/en/innodb-troubleshooting.html for how you can resolve the problem.
2015-05-21 07:55:09 448 [Warning] InnoDB: Cannot open table mysql/slave_relay_log_info from the internal data dictionary of InnoDB though the .frm file for the table exists. See http://dev.mysql.com/doc/refman/5.6/en/innodb-troubleshooting.html for how you can resolve the problem.
2015-05-21 07:55:09 448 [Warning] Info table is not ready to be used. Table 'mysql.slave_relay_log_info' cannot be opened.
2015-05-21 07:55:09 448 [Note] Event Scheduler: Loaded 0 events
2015-05-21 07:55:09 448 [Note] D:\UwAmp\bin\database\mysql-5.6.11\bin\mysqld.exe: ready for connections.
Version: '5.6.11-log'  socket: ''  port: 3306  MySQL Community Server (GPL)
2015-05-21 09:33:29 448 [ERROR] Got error 127 when reading table '.\phpmyadmin\pma__relation'
2015-06-11 07:48:53 2144 [Note] Plugin 'FEDERATED' is disabled.
2015-06-11 07:48:53 2144 [Note] InnoDB: The InnoDB memory heap is disabled
2015-06-11 07:48:53 2144 [Note] InnoDB: Mutexes and rw_locks use Windows interlocked functions
2015-06-11 07:48:53 2144 [Note] InnoDB: Compressed tables use zlib 1.2.3
2015-06-11 07:48:53 2144 [Note] InnoDB: Not using CPU crc32 instructions
2015-06-11 07:48:53 2144 [Note] InnoDB: Initializing buffer pool, size = 128.0M
2015-06-11 07:48:53 2144 [Note] InnoDB: Completed initialization of buffer pool
2015-06-11 07:48:53 2144 [Note] InnoDB: Highest supported file format is Barracuda.
2015-06-11 07:48:53 2144 [Note] InnoDB: The log sequence numbers 6143697 and 6143697 in ibdata files do not match the log sequence number 6143767 in the ib_logfiles!
2015-06-11 07:48:53 2144 [Note] InnoDB: Database was not shutdown normally!
2015-06-11 07:48:53 2144 [Note] InnoDB: Starting crash recovery.
2015-06-11 07:48:53 2144 [Note] InnoDB: Reading tablespace information from the .ibd files...
2015-06-11 07:48:55 2144 [Note] InnoDB: Restoring possible half-written data pages 
2015-06-11 07:48:55 2144 [Note] InnoDB: from the doublewrite buffer...
InnoDB: Last MySQL binlog file position 0 666, file name mysql-bin.000328
2015-06-11 07:48:58 2144 [Note] InnoDB: 128 rollback segment(s) are active.
2015-06-11 07:48:58 2144 [Note] InnoDB: Waiting for purge to start
2015-06-11 07:48:58 2144 [Note] InnoDB: 5.6.11 started; log sequence number 6143767
2015-06-11 07:48:58 2144 [Note] Recovering after a crash using mysql-bin
2015-06-11 07:48:58 2144 [Note] Starting crash recovery...
2015-06-11 07:48:58 2144 [Note] Crash recovery finished.
2015-06-11 07:48:59 2144 [Note] Server hostname (bind-address): '*'; port: 3306
2015-06-11 07:48:59 2144 [Note] IPv6 is available.
2015-06-11 07:48:59 2144 [Note]   - '::' resolves to '::';
2015-06-11 07:48:59 2144 [Note] Server socket created on IP: '::'.
2015-06-11 07:48:59 2144 [Warning] InnoDB: Cannot open table mysql/slave_master_info from the internal data dictionary of InnoDB though the .frm file for the table exists. See http://dev.mysql.com/doc/refman/5.6/en/innodb-troubleshooting.html for how you can resolve the problem.
2015-06-11 07:48:59 2144 [Warning] Info table is not ready to be used. Table 'mysql.slave_master_info' cannot be opened.
2015-06-11 07:48:59 2144 [Warning] InnoDB: Cannot open table mysql/slave_worker_info from the internal data dictionary of InnoDB though the .frm file for the table exists. See http://dev.mysql.com/doc/refman/5.6/en/innodb-troubleshooting.html for how you can resolve the problem.
2015-06-11 07:48:59 2144 [Warning] InnoDB: Cannot open table mysql/slave_relay_log_info from the internal data dictionary of InnoDB though the .frm file for the table exists. See http://dev.mysql.com/doc/refman/5.6/en/innodb-troubleshooting.html for how you can resolve the problem.
2015-06-11 07:48:59 2144 [Warning] Info table is not ready to be used. Table 'mysql.slave_relay_log_info' cannot be opened.
2015-06-11 07:48:59 2144 [Note] Event Scheduler: Loaded 0 events
2015-06-11 07:48:59 2144 [Note] D:\UwAmp\bin\database\mysql-5.6.11\bin\mysqld.exe: ready for connections.
Version: '5.6.11-log'  socket: ''  port: 3306  MySQL Community Server (GPL)
2015-06-11 08:34:32 2144 [ERROR] Got error 127 when reading table '.\phpmyadmin\pma__relation'
2015-06-11 08:34:39 2144 [ERROR] Got error 127 when reading table '.\phpmyadmin\pma__relation'
