2014-12-03 08:25:35 7472 [Note] Plugin 'FEDERATED' is disabled.
2014-12-03 08:25:35 7472 [Note] InnoDB: The InnoDB memory heap is disabled
2014-12-03 08:25:35 7472 [Note] InnoDB: Mutexes and rw_locks use Windows interlocked functions
2014-12-03 08:25:35 7472 [Note] InnoDB: Compressed tables use zlib 1.2.3
2014-12-03 08:25:35 7472 [Note] InnoDB: Not using CPU crc32 instructions
2014-12-03 08:25:35 7472 [Note] InnoDB: Initializing buffer pool, size = 128.0M
2014-12-03 08:25:35 7472 [Note] InnoDB: Completed initialization of buffer pool
2014-12-03 08:25:35 7472 [Note] InnoDB: Highest supported file format is Barracuda.
2014-12-03 08:25:35 7472 [Note] InnoDB: The log sequence numbers 5780875 and 5780875 in ibdata files do not match the log sequence number 5996858 in the ib_logfiles!
2014-12-03 08:25:35 7472 [Note] InnoDB: Database was not shutdown normally!
2014-12-03 08:25:35 7472 [Note] InnoDB: Starting crash recovery.
2014-12-03 08:25:35 7472 [Note] InnoDB: Reading tablespace information from the .ibd files...
2014-12-03 08:25:36 7472 [Note] InnoDB: Restoring possible half-written data pages 
2014-12-03 08:25:36 7472 [Note] InnoDB: from the doublewrite buffer...
InnoDB: Last MySQL binlog file position 0 38112, file name mysql-bin.000217
2014-12-03 08:25:39 7472 [Note] InnoDB: 128 rollback segment(s) are active.
2014-12-03 08:25:39 7472 [Note] InnoDB: Waiting for purge to start
2014-12-03 08:25:39 7472 [Note] InnoDB: 5.6.11 started; log sequence number 5996858
2014-12-03 08:25:39 7472 [Note] Recovering after a crash using mysql-bin
2014-12-03 08:25:39 7472 [Note] Starting crash recovery...
2014-12-03 08:25:39 7472 [Note] Crash recovery finished.
2014-12-03 08:25:40 7472 [Note] Server hostname (bind-address): '*'; port: 3306
2014-12-03 08:25:40 7472 [Note] IPv6 is available.
2014-12-03 08:25:40 7472 [Note]   - '::' resolves to '::';
2014-12-03 08:25:40 7472 [Note] Server socket created on IP: '::'.
2014-12-03 08:25:41 7472 [Warning] InnoDB: Cannot open table mysql/slave_master_info from the internal data dictionary of InnoDB though the .frm file for the table exists. See http://dev.mysql.com/doc/refman/5.6/en/innodb-troubleshooting.html for how you can resolve the problem.
2014-12-03 08:25:41 7472 [Warning] Info table is not ready to be used. Table 'mysql.slave_master_info' cannot be opened.
2014-12-03 08:25:41 7472 [Warning] InnoDB: Cannot open table mysql/slave_worker_info from the internal data dictionary of InnoDB though the .frm file for the table exists. See http://dev.mysql.com/doc/refman/5.6/en/innodb-troubleshooting.html for how you can resolve the problem.
2014-12-03 08:25:41 7472 [Warning] InnoDB: Cannot open table mysql/slave_relay_log_info from the internal data dictionary of InnoDB though the .frm file for the table exists. See http://dev.mysql.com/doc/refman/5.6/en/innodb-troubleshooting.html for how you can resolve the problem.
2014-12-03 08:25:41 7472 [Warning] Info table is not ready to be used. Table 'mysql.slave_relay_log_info' cannot be opened.
2014-12-03 08:25:41 7472 [Note] Event Scheduler: Loaded 0 events
2014-12-03 08:25:41 7472 [Note] F:\UwAmp\bin\database\mysql-5.6.11\bin\mysqld.exe: ready for connections.
Version: '5.6.11-log'  socket: ''  port: 3306  MySQL Community Server (GPL)
2014-12-09 07:46:55 3028 [Note] Plugin 'FEDERATED' is disabled.
2014-12-09 07:46:56 3028 [Note] InnoDB: The InnoDB memory heap is disabled
2014-12-09 07:46:56 3028 [Note] InnoDB: Mutexes and rw_locks use Windows interlocked functions
2014-12-09 07:46:56 3028 [Note] InnoDB: Compressed tables use zlib 1.2.3
2014-12-09 07:46:56 3028 [Note] InnoDB: Not using CPU crc32 instructions
2014-12-09 07:46:56 3028 [Note] InnoDB: Initializing buffer pool, size = 128.0M
2014-12-09 07:46:56 3028 [Note] InnoDB: Completed initialization of buffer pool
2014-12-09 07:46:56 3028 [Note] InnoDB: Highest supported file format is Barracuda.
2014-12-09 07:46:56 3028 [Note] InnoDB: The log sequence numbers 5780875 and 5780875 in ibdata files do not match the log sequence number 6001521 in the ib_logfiles!
2014-12-09 07:46:56 3028 [Note] InnoDB: Database was not shutdown normally!
2014-12-09 07:46:56 3028 [Note] InnoDB: Starting crash recovery.
2014-12-09 07:46:56 3028 [Note] InnoDB: Reading tablespace information from the .ibd files...
2014-12-09 07:46:57 3028 [Note] InnoDB: Restoring possible half-written data pages 
2014-12-09 07:46:57 3028 [Note] InnoDB: from the doublewrite buffer...
InnoDB: Last MySQL binlog file position 0 4547, file name mysql-bin.000221
2014-12-09 07:47:00 3028 [Note] InnoDB: 128 rollback segment(s) are active.
2014-12-09 07:47:00 3028 [Note] InnoDB: Waiting for purge to start
2014-12-09 07:47:00 3028 [Note] InnoDB: 5.6.11 started; log sequence number 6001521
2014-12-09 07:47:00 3028 [Note] Recovering after a crash using mysql-bin
2014-12-09 07:47:00 3028 [Note] Starting crash recovery...
2014-12-09 07:47:00 3028 [Note] Crash recovery finished.
2014-12-09 07:47:06 3028 [Note] Server hostname (bind-address): '*'; port: 3306
2014-12-09 07:47:06 3028 [Note] IPv6 is available.
2014-12-09 07:47:06 3028 [Note]   - '::' resolves to '::';
2014-12-09 07:47:06 3028 [Note] Server socket created on IP: '::'.
2014-12-09 07:47:07 3028 [Warning] InnoDB: Cannot open table mysql/slave_master_info from the internal data dictionary of InnoDB though the .frm file for the table exists. See http://dev.mysql.com/doc/refman/5.6/en/innodb-troubleshooting.html for how you can resolve the problem.
2014-12-09 07:47:07 3028 [Warning] Info table is not ready to be used. Table 'mysql.slave_master_info' cannot be opened.
2014-12-09 07:47:07 3028 [Warning] InnoDB: Cannot open table mysql/slave_worker_info from the internal data dictionary of InnoDB though the .frm file for the table exists. See http://dev.mysql.com/doc/refman/5.6/en/innodb-troubleshooting.html for how you can resolve the problem.
2014-12-09 07:47:07 3028 [Warning] InnoDB: Cannot open table mysql/slave_relay_log_info from the internal data dictionary of InnoDB though the .frm file for the table exists. See http://dev.mysql.com/doc/refman/5.6/en/innodb-troubleshooting.html for how you can resolve the problem.
2014-12-09 07:47:07 3028 [Warning] Info table is not ready to be used. Table 'mysql.slave_relay_log_info' cannot be opened.
2014-12-09 07:47:07 3028 [Note] Event Scheduler: Loaded 0 events
2014-12-09 07:47:07 3028 [Note] F:\UwAmp\bin\database\mysql-5.6.11\bin\mysqld.exe: ready for connections.
Version: '5.6.11-log'  socket: ''  port: 3306  MySQL Community Server (GPL)
