2014-10-23 13:29:36 4200 [Note] Plugin 'FEDERATED' is disabled.
2014-10-23 13:29:37 4200 [Note] InnoDB: The InnoDB memory heap is disabled
2014-10-23 13:29:37 4200 [Note] InnoDB: Mutexes and rw_locks use Windows interlocked functions
2014-10-23 13:29:37 4200 [Note] InnoDB: Compressed tables use zlib 1.2.3
2014-10-23 13:29:37 4200 [Note] InnoDB: Not using CPU crc32 instructions
2014-10-23 13:29:37 4200 [Note] InnoDB: Initializing buffer pool, size = 128.0M
2014-10-23 13:29:37 4200 [Note] InnoDB: Completed initialization of buffer pool
2014-10-23 13:29:37 4200 [Note] InnoDB: Highest supported file format is Barracuda.
2014-10-23 13:29:37 4200 [Note] InnoDB: The log sequence numbers 1701197 and 1701197 in ibdata files do not match the log sequence number 1701357 in the ib_logfiles!
2014-10-23 13:29:37 4200 [Note] InnoDB: Database was not shutdown normally!
2014-10-23 13:29:37 4200 [Note] InnoDB: Starting crash recovery.
2014-10-23 13:29:37 4200 [Note] InnoDB: Reading tablespace information from the .ibd files...
2014-10-23 13:29:37 4200 [Note] InnoDB: Restoring possible half-written data pages 
2014-10-23 13:29:37 4200 [Note] InnoDB: from the doublewrite buffer...
InnoDB: Last MySQL binlog file position 0 1470, file name mysql-bin.000110
2014-10-23 13:29:38 4200 [Note] InnoDB: 128 rollback segment(s) are active.
2014-10-23 13:29:38 4200 [Note] InnoDB: Waiting for purge to start
2014-10-23 13:29:38 4200 [Note] InnoDB: 5.6.11 started; log sequence number 1701357
2014-10-23 13:29:38 4200 [Note] Recovering after a crash using mysql-bin
2014-10-23 13:29:38 4200 [Note] Starting crash recovery...
2014-10-23 13:29:38 4200 [Note] Crash recovery finished.
2014-10-23 13:29:39 4200 [Note] Server hostname (bind-address): '*'; port: 3306
2014-10-23 13:29:39 4200 [Note] IPv6 is available.
2014-10-23 13:29:39 4200 [Note]   - '::' resolves to '::';
2014-10-23 13:29:39 4200 [Note] Server socket created on IP: '::'.
