2014-11-05 21:26:30 3812 [Note] Plugin 'FEDERATED' is disabled.
2014-11-05 21:26:30 3812 [Note] InnoDB: The InnoDB memory heap is disabled
2014-11-05 21:26:30 3812 [Note] InnoDB: Mutexes and rw_locks use Windows interlocked functions
2014-11-05 21:26:30 3812 [Note] InnoDB: Compressed tables use zlib 1.2.3
2014-11-05 21:26:30 3812 [Note] InnoDB: Not using CPU crc32 instructions
2014-11-05 21:26:30 3812 [Note] InnoDB: Initializing buffer pool, size = 128.0M
2014-11-05 21:26:30 3812 [Note] InnoDB: Completed initialization of buffer pool
2014-11-05 21:26:30 3812 [Note] InnoDB: Highest supported file format is Barracuda.
2014-11-05 21:26:31 3812 [Note] InnoDB: 128 rollback segment(s) are active.
2014-11-05 21:26:31 3812 [Note] InnoDB: Waiting for purge to start
2014-11-05 21:26:31 3812 [Note] InnoDB: 5.6.11 started; log sequence number 5780449
2014-11-05 21:26:34 3812 [Note] Server hostname (bind-address): '*'; port: 3306
2014-11-05 21:26:34 3812 [Note] IPv6 is available.
2014-11-05 21:26:34 3812 [Note]   - '::' resolves to '::';
2014-11-05 21:26:34 3812 [Note] Server socket created on IP: '::'.
2014-11-05 21:26:36 3812 [Warning] InnoDB: Cannot open table mysql/slave_master_info from the internal data dictionary of InnoDB though the .frm file for the table exists. See http://dev.mysql.com/doc/refman/5.6/en/innodb-troubleshooting.html for how you can resolve the problem.
2014-11-05 21:26:36 3812 [Warning] Info table is not ready to be used. Table 'mysql.slave_master_info' cannot be opened.
2014-11-05 21:26:36 3812 [Warning] InnoDB: Cannot open table mysql/slave_worker_info from the internal data dictionary of InnoDB though the .frm file for the table exists. See http://dev.mysql.com/doc/refman/5.6/en/innodb-troubleshooting.html for how you can resolve the problem.
2014-11-05 21:26:36 3812 [Warning] InnoDB: Cannot open table mysql/slave_relay_log_info from the internal data dictionary of InnoDB though the .frm file for the table exists. See http://dev.mysql.com/doc/refman/5.6/en/innodb-troubleshooting.html for how you can resolve the problem.
2014-11-05 21:26:36 3812 [Warning] Info table is not ready to be used. Table 'mysql.slave_relay_log_info' cannot be opened.
2014-11-05 21:26:37 3812 [Note] Event Scheduler: Loaded 0 events
2014-11-05 21:26:37 3812 [Note] F:\UwAmp\bin\database\mysql-5.6.11\bin\mysqld.exe: ready for connections.
Version: '5.6.11-log'  socket: ''  port: 3306  MySQL Community Server (GPL)
2014-11-12 19:18:02 3100 [Note] Plugin 'FEDERATED' is disabled.
2014-11-12 19:18:02 3100 [Note] InnoDB: The InnoDB memory heap is disabled
2014-11-12 19:18:02 3100 [Note] InnoDB: Mutexes and rw_locks use Windows interlocked functions
2014-11-12 19:18:02 3100 [Note] InnoDB: Compressed tables use zlib 1.2.3
2014-11-12 19:18:02 3100 [Note] InnoDB: Not using CPU crc32 instructions
2014-11-12 19:18:02 3100 [Note] InnoDB: Initializing buffer pool, size = 128.0M
2014-11-12 19:18:02 3100 [Note] InnoDB: Completed initialization of buffer pool
2014-11-12 19:18:03 3100 [Note] InnoDB: Highest supported file format is Barracuda.
2014-11-12 19:18:05 3100 [Note] InnoDB: 128 rollback segment(s) are active.
2014-11-12 19:18:05 3100 [Note] InnoDB: Waiting for purge to start
2014-11-12 19:18:05 3100 [Note] InnoDB: 5.6.11 started; log sequence number 5780595
2014-11-12 19:18:10 3100 [Note] Server hostname (bind-address): '*'; port: 3306
2014-11-12 19:18:10 3100 [Note] IPv6 is available.
2014-11-12 19:18:10 3100 [Note]   - '::' resolves to '::';
2014-11-12 19:18:10 3100 [Note] Server socket created on IP: '::'.
2014-11-12 19:18:12 3100 [Warning] InnoDB: Cannot open table mysql/slave_master_info from the internal data dictionary of InnoDB though the .frm file for the table exists. See http://dev.mysql.com/doc/refman/5.6/en/innodb-troubleshooting.html for how you can resolve the problem.
2014-11-12 19:18:12 3100 [Warning] Info table is not ready to be used. Table 'mysql.slave_master_info' cannot be opened.
2014-11-12 19:18:12 3100 [Warning] InnoDB: Cannot open table mysql/slave_worker_info from the internal data dictionary of InnoDB though the .frm file for the table exists. See http://dev.mysql.com/doc/refman/5.6/en/innodb-troubleshooting.html for how you can resolve the problem.
2014-11-12 19:18:12 3100 [Warning] InnoDB: Cannot open table mysql/slave_relay_log_info from the internal data dictionary of InnoDB though the .frm file for the table exists. See http://dev.mysql.com/doc/refman/5.6/en/innodb-troubleshooting.html for how you can resolve the problem.
2014-11-12 19:18:12 3100 [Warning] Info table is not ready to be used. Table 'mysql.slave_relay_log_info' cannot be opened.
2014-11-12 19:18:13 3100 [Note] Event Scheduler: Loaded 0 events
2014-11-12 19:18:13 3100 [Note] E:\UwAmp\bin\database\mysql-5.6.11\bin\mysqld.exe: ready for connections.
Version: '5.6.11-log'  socket: ''  port: 3306  MySQL Community Server (GPL)
2014-11-19 18:06:03 1544 [Note] Plugin 'FEDERATED' is disabled.
2014-11-19 18:06:03 1544 [Note] InnoDB: The InnoDB memory heap is disabled
2014-11-19 18:06:03 1544 [Note] InnoDB: Mutexes and rw_locks use Windows interlocked functions
2014-11-19 18:06:03 1544 [Note] InnoDB: Compressed tables use zlib 1.2.3
2014-11-19 18:06:03 1544 [Note] InnoDB: Not using CPU crc32 instructions
2014-11-19 18:06:03 1544 [Note] InnoDB: Initializing buffer pool, size = 128.0M
2014-11-19 18:06:03 1544 [Note] InnoDB: Completed initialization of buffer pool
2014-11-19 18:06:03 1544 [Note] InnoDB: Highest supported file format is Barracuda.
2014-11-19 18:06:03 1544 [Note] InnoDB: The log sequence numbers 5780595 and 5780595 in ibdata files do not match the log sequence number 5780725 in the ib_logfiles!
2014-11-19 18:06:03 1544 [Note] InnoDB: Database was not shutdown normally!
2014-11-19 18:06:03 1544 [Note] InnoDB: Starting crash recovery.
2014-11-19 18:06:03 1544 [Note] InnoDB: Reading tablespace information from the .ibd files...
2014-11-19 18:06:03 1544 [Note] InnoDB: Restoring possible half-written data pages 
2014-11-19 18:06:03 1544 [Note] InnoDB: from the doublewrite buffer...
InnoDB: Last MySQL binlog file position 0 423009, file name mysql-bin.000147
2014-11-19 18:06:06 1544 [Note] InnoDB: 128 rollback segment(s) are active.
2014-11-19 18:06:06 1544 [Note] InnoDB: Waiting for purge to start
2014-11-19 18:06:06 1544 [Note] InnoDB: 5.6.11 started; log sequence number 5780725
2014-11-19 18:06:06 1544 [Note] Recovering after a crash using mysql-bin
2014-11-19 18:06:06 1544 [Note] Starting crash recovery...
2014-11-19 18:06:06 1544 [Note] Crash recovery finished.
2014-11-19 18:06:07 1544 [Note] Server hostname (bind-address): '*'; port: 3306
2014-11-19 18:06:07 1544 [Note] IPv6 is available.
2014-11-19 18:06:07 1544 [Note]   - '::' resolves to '::';
2014-11-19 18:06:07 1544 [Note] Server socket created on IP: '::'.
2014-11-26 19:10:53 2284 [Note] Plugin 'FEDERATED' is disabled.
2014-11-26 19:10:53 2284 [Note] InnoDB: The InnoDB memory heap is disabled
2014-11-26 19:10:53 2284 [Note] InnoDB: Mutexes and rw_locks use Windows interlocked functions
2014-11-26 19:10:53 2284 [Note] InnoDB: Compressed tables use zlib 1.2.3
2014-11-26 19:10:53 2284 [Note] InnoDB: Not using CPU crc32 instructions
2014-11-26 19:10:53 2284 [Note] InnoDB: Initializing buffer pool, size = 128.0M
2014-11-26 19:10:53 2284 [Note] InnoDB: Completed initialization of buffer pool
2014-11-26 19:10:53 2284 [Note] InnoDB: Highest supported file format is Barracuda.
2014-11-26 19:10:54 2284 [Note] InnoDB: The log sequence numbers 5780785 and 5780785 in ibdata files do not match the log sequence number 5780855 in the ib_logfiles!
2014-11-26 19:10:54 2284 [Note] InnoDB: Database was not shutdown normally!
2014-11-26 19:10:54 2284 [Note] InnoDB: Starting crash recovery.
2014-11-26 19:10:54 2284 [Note] InnoDB: Reading tablespace information from the .ibd files...
2014-11-26 19:10:54 2284 [Note] InnoDB: Restoring possible half-written data pages 
2014-11-26 19:10:54 2284 [Note] InnoDB: from the doublewrite buffer...
InnoDB: Last MySQL binlog file position 0 423009, file name mysql-bin.000147
2014-11-26 19:10:56 2284 [Note] InnoDB: 128 rollback segment(s) are active.
2014-11-26 19:10:56 2284 [Note] InnoDB: Waiting for purge to start
2014-11-26 19:10:56 2284 [Note] InnoDB: 5.6.11 started; log sequence number 5780855
2014-11-26 19:10:56 2284 [Note] Recovering after a crash using mysql-bin
2014-11-26 19:10:56 2284 [Note] Starting crash recovery...
2014-11-26 19:10:56 2284 [Note] Crash recovery finished.
2014-11-26 19:11:01 2284 [Note] Server hostname (bind-address): '*'; port: 3306
2014-11-26 19:11:01 2284 [Note] IPv6 is available.
2014-11-26 19:11:01 2284 [Note]   - '::' resolves to '::';
2014-11-26 19:11:01 2284 [Note] Server socket created on IP: '::'.
2014-11-26 19:11:02 2284 [Warning] InnoDB: Cannot open table mysql/slave_master_info from the internal data dictionary of InnoDB though the .frm file for the table exists. See http://dev.mysql.com/doc/refman/5.6/en/innodb-troubleshooting.html for how you can resolve the problem.
2014-11-26 19:11:02 2284 [Warning] Info table is not ready to be used. Table 'mysql.slave_master_info' cannot be opened.
2014-11-26 19:11:02 2284 [Warning] InnoDB: Cannot open table mysql/slave_worker_info from the internal data dictionary of InnoDB though the .frm file for the table exists. See http://dev.mysql.com/doc/refman/5.6/en/innodb-troubleshooting.html for how you can resolve the problem.
2014-11-26 19:11:02 2284 [Warning] InnoDB: Cannot open table mysql/slave_relay_log_info from the internal data dictionary of InnoDB though the .frm file for the table exists. See http://dev.mysql.com/doc/refman/5.6/en/innodb-troubleshooting.html for how you can resolve the problem.
2014-11-26 19:11:02 2284 [Warning] Info table is not ready to be used. Table 'mysql.slave_relay_log_info' cannot be opened.
2014-11-26 19:11:03 2284 [Note] Event Scheduler: Loaded 0 events
2014-11-26 19:11:03 2284 [Note] E:\UwAmp\bin\database\mysql-5.6.11\bin\mysqld.exe: ready for connections.
Version: '5.6.11-log'  socket: ''  port: 3306  MySQL Community Server (GPL)
2014-12-10 19:19:10 2852 [Note] Plugin 'FEDERATED' is disabled.
2014-12-10 19:19:11 2852 [Note] InnoDB: The InnoDB memory heap is disabled
2014-12-10 19:19:11 2852 [Note] InnoDB: Mutexes and rw_locks use Windows interlocked functions
2014-12-10 19:19:11 2852 [Note] InnoDB: Compressed tables use zlib 1.2.3
2014-12-10 19:19:11 2852 [Note] InnoDB: Not using CPU crc32 instructions
2014-12-10 19:19:11 2852 [Note] InnoDB: Initializing buffer pool, size = 128.0M
2014-12-10 19:19:11 2852 [Note] InnoDB: Completed initialization of buffer pool
2014-12-10 19:19:11 2852 [Note] InnoDB: Highest supported file format is Barracuda.
2014-12-10 19:19:14 2852 [Note] InnoDB: 128 rollback segment(s) are active.
2014-12-10 19:19:14 2852 [Note] InnoDB: Waiting for purge to start
2014-12-10 19:19:14 2852 [Note] InnoDB: 5.6.11 started; log sequence number 6001551
2014-12-10 19:19:20 2852 [Note] Server hostname (bind-address): '*'; port: 3306
2014-12-10 19:19:20 2852 [Note] IPv6 is available.
2014-12-10 19:19:20 2852 [Note]   - '::' resolves to '::';
2014-12-10 19:19:20 2852 [Note] Server socket created on IP: '::'.
2014-12-10 19:19:20 2852 [Warning] InnoDB: Cannot open table mysql/slave_master_info from the internal data dictionary of InnoDB though the .frm file for the table exists. See http://dev.mysql.com/doc/refman/5.6/en/innodb-troubleshooting.html for how you can resolve the problem.
2014-12-10 19:19:20 2852 [Warning] Info table is not ready to be used. Table 'mysql.slave_master_info' cannot be opened.
2014-12-10 19:19:20 2852 [Warning] InnoDB: Cannot open table mysql/slave_worker_info from the internal data dictionary of InnoDB though the .frm file for the table exists. See http://dev.mysql.com/doc/refman/5.6/en/innodb-troubleshooting.html for how you can resolve the problem.
2014-12-10 19:19:20 2852 [Warning] InnoDB: Cannot open table mysql/slave_relay_log_info from the internal data dictionary of InnoDB though the .frm file for the table exists. See http://dev.mysql.com/doc/refman/5.6/en/innodb-troubleshooting.html for how you can resolve the problem.
2014-12-10 19:19:20 2852 [Warning] Info table is not ready to be used. Table 'mysql.slave_relay_log_info' cannot be opened.
2014-12-10 19:19:21 2852 [Note] Event Scheduler: Loaded 0 events
2014-12-10 19:19:21 2852 [Note] E:\UwAmp\bin\database\mysql-5.6.11\bin\mysqld.exe: ready for connections.
Version: '5.6.11-log'  socket: ''  port: 3306  MySQL Community Server (GPL)
