2015-12-20 11:30:48 1328 [Note] Plugin 'FEDERATED' is disabled.
2015-12-20 11:30:48 1328 [Note] InnoDB: The InnoDB memory heap is disabled
2015-12-20 11:30:48 1328 [Note] InnoDB: Mutexes and rw_locks use Windows interlocked functions
2015-12-20 11:30:48 1328 [Note] InnoDB: Compressed tables use zlib 1.2.3
2015-12-20 11:30:48 1328 [Note] InnoDB: Not using CPU crc32 instructions
2015-12-20 11:30:48 1328 [Note] InnoDB: Initializing buffer pool, size = 128.0M
2015-12-20 11:30:48 1328 [Note] InnoDB: Completed initialization of buffer pool
2015-12-20 11:30:48 1328 [Note] InnoDB: Highest supported file format is Barracuda.
2015-12-20 11:30:48 1328 [Note] InnoDB: The log sequence numbers 6213758 and 6213758 in ibdata files do not match the log sequence number 6214284 in the ib_logfiles!
2015-12-20 11:30:48 1328 [Note] InnoDB: Database was not shutdown normally!
2015-12-20 11:30:48 1328 [Note] InnoDB: Starting crash recovery.
2015-12-20 11:30:48 1328 [Note] InnoDB: Reading tablespace information from the .ibd files...
2015-12-20 11:30:52 1328 [Note] InnoDB: Restoring possible half-written data pages 
2015-12-20 11:30:52 1328 [Note] InnoDB: from the doublewrite buffer...
InnoDB: Last MySQL binlog file position 0 18915, file name mysql-bin.000379
2015-12-20 11:30:57 1328 [Note] InnoDB: 128 rollback segment(s) are active.
2015-12-20 11:30:57 1328 [Note] InnoDB: Waiting for purge to start
2015-12-20 11:30:57 1328 [Note] InnoDB: 5.6.11 started; log sequence number 6214284
2015-12-20 11:30:57 1328 [Note] Recovering after a crash using mysql-bin
2015-12-20 11:30:57 1328 [Note] Starting crash recovery...
2015-12-20 11:30:57 1328 [Note] Crash recovery finished.
2015-12-20 11:31:02 1328 [Note] Server hostname (bind-address): '*'; port: 3306
2015-12-20 11:31:02 1328 [Note] IPv6 is available.
2015-12-20 11:31:02 1328 [Note]   - '::' resolves to '::';
2015-12-20 11:31:02 1328 [Note] Server socket created on IP: '::'.
2015-12-20 11:31:03 1328 [Warning] InnoDB: Cannot open table mysql/slave_master_info from the internal data dictionary of InnoDB though the .frm file for the table exists. See http://dev.mysql.com/doc/refman/5.6/en/innodb-troubleshooting.html for how you can resolve the problem.
2015-12-20 11:31:03 1328 [Warning] Info table is not ready to be used. Table 'mysql.slave_master_info' cannot be opened.
2015-12-20 11:31:03 1328 [Warning] InnoDB: Cannot open table mysql/slave_worker_info from the internal data dictionary of InnoDB though the .frm file for the table exists. See http://dev.mysql.com/doc/refman/5.6/en/innodb-troubleshooting.html for how you can resolve the problem.
2015-12-20 11:31:03 1328 [Warning] InnoDB: Cannot open table mysql/slave_relay_log_info from the internal data dictionary of InnoDB though the .frm file for the table exists. See http://dev.mysql.com/doc/refman/5.6/en/innodb-troubleshooting.html for how you can resolve the problem.
2015-12-20 11:31:03 1328 [Warning] Info table is not ready to be used. Table 'mysql.slave_relay_log_info' cannot be opened.
2015-12-20 11:31:04 1328 [Note] Event Scheduler: Loaded 0 events
2015-12-20 11:31:04 1328 [Note] C:\Users\JOHN\Documents\Softwares\CHECKIT PHP\UwAmp\bin\database\mysql-5.6.11\bin\mysqld.exe: ready for connections.
Version: '5.6.11-log'  socket: ''  port: 3306  MySQL Community Server (GPL)
2015-12-22 21:14:08 2884 [Note] Plugin 'FEDERATED' is disabled.
2015-12-22 21:14:09 2884 [Note] InnoDB: The InnoDB memory heap is disabled
2015-12-22 21:14:09 2884 [Note] InnoDB: Mutexes and rw_locks use Windows interlocked functions
2015-12-22 21:14:09 2884 [Note] InnoDB: Compressed tables use zlib 1.2.3
2015-12-22 21:14:09 2884 [Note] InnoDB: Not using CPU crc32 instructions
2015-12-22 21:14:10 2884 [Note] InnoDB: Initializing buffer pool, size = 128.0M
2015-12-22 21:14:10 2884 [Note] InnoDB: Completed initialization of buffer pool
2015-12-22 21:14:10 2884 [Note] InnoDB: Highest supported file format is Barracuda.
2015-12-22 21:14:10 2884 [Note] InnoDB: The log sequence numbers 6213758 and 6213758 in ibdata files do not match the log sequence number 6214294 in the ib_logfiles!
2015-12-22 21:14:10 2884 [Note] InnoDB: Database was not shutdown normally!
2015-12-22 21:14:10 2884 [Note] InnoDB: Starting crash recovery.
2015-12-22 21:14:10 2884 [Note] InnoDB: Reading tablespace information from the .ibd files...
2015-12-22 21:14:12 2884 [Note] InnoDB: Restoring possible half-written data pages 
2015-12-22 21:14:12 2884 [Note] InnoDB: from the doublewrite buffer...
InnoDB: Last MySQL binlog file position 0 18915, file name mysql-bin.000379
2015-12-22 21:14:16 2884 [Note] InnoDB: 128 rollback segment(s) are active.
2015-12-22 21:14:16 2884 [Note] InnoDB: Waiting for purge to start
2015-12-22 21:14:16 2884 [Note] InnoDB: 5.6.11 started; log sequence number 6214294
2015-12-22 21:14:16 2884 [Note] Recovering after a crash using mysql-bin
2015-12-22 21:14:16 2884 [Note] Starting crash recovery...
2015-12-22 21:14:16 2884 [Note] Crash recovery finished.
2015-12-22 21:14:22 2884 [Note] Server hostname (bind-address): '*'; port: 3306
2015-12-22 21:14:22 2884 [Note] IPv6 is available.
2015-12-22 21:14:22 2884 [Note]   - '::' resolves to '::';
2015-12-22 21:14:22 2884 [Note] Server socket created on IP: '::'.
2015-12-22 21:14:24 2884 [Warning] InnoDB: Cannot open table mysql/slave_master_info from the internal data dictionary of InnoDB though the .frm file for the table exists. See http://dev.mysql.com/doc/refman/5.6/en/innodb-troubleshooting.html for how you can resolve the problem.
2015-12-22 21:14:24 2884 [Warning] Info table is not ready to be used. Table 'mysql.slave_master_info' cannot be opened.
2015-12-22 21:14:24 2884 [Warning] InnoDB: Cannot open table mysql/slave_worker_info from the internal data dictionary of InnoDB though the .frm file for the table exists. See http://dev.mysql.com/doc/refman/5.6/en/innodb-troubleshooting.html for how you can resolve the problem.
2015-12-22 21:14:24 2884 [Warning] InnoDB: Cannot open table mysql/slave_relay_log_info from the internal data dictionary of InnoDB though the .frm file for the table exists. See http://dev.mysql.com/doc/refman/5.6/en/innodb-troubleshooting.html for how you can resolve the problem.
2015-12-22 21:14:24 2884 [Warning] Info table is not ready to be used. Table 'mysql.slave_relay_log_info' cannot be opened.
2015-12-22 21:14:25 2884 [Note] Event Scheduler: Loaded 0 events
2015-12-22 21:14:25 2884 [Note] C:\Users\JOHN\Documents\Softwares\CHECKIT PHP\UwAmp\bin\database\mysql-5.6.11\bin\mysqld.exe: ready for connections.
Version: '5.6.11-log'  socket: ''  port: 3306  MySQL Community Server (GPL)
2015-12-24 15:00:55 2552 [Note] Plugin 'FEDERATED' is disabled.
2015-12-24 15:00:55 2552 [Note] InnoDB: The InnoDB memory heap is disabled
2015-12-24 15:00:55 2552 [Note] InnoDB: Mutexes and rw_locks use Windows interlocked functions
2015-12-24 15:00:55 2552 [Note] InnoDB: Compressed tables use zlib 1.2.3
2015-12-24 15:00:55 2552 [Note] InnoDB: Not using CPU crc32 instructions
2015-12-24 15:00:55 2552 [Note] InnoDB: Initializing buffer pool, size = 128.0M
2015-12-24 15:00:55 2552 [Note] InnoDB: Completed initialization of buffer pool
2015-12-24 15:00:55 2552 [Note] InnoDB: Highest supported file format is Barracuda.
2015-12-24 15:00:55 2552 [Note] InnoDB: The log sequence numbers 6213758 and 6213758 in ibdata files do not match the log sequence number 6214304 in the ib_logfiles!
2015-12-24 15:00:55 2552 [Note] InnoDB: Database was not shutdown normally!
2015-12-24 15:00:55 2552 [Note] InnoDB: Starting crash recovery.
2015-12-24 15:00:55 2552 [Note] InnoDB: Reading tablespace information from the .ibd files...
2015-12-24 15:00:55 2552 [Note] InnoDB: Restoring possible half-written data pages 
2015-12-24 15:00:55 2552 [Note] InnoDB: from the doublewrite buffer...
InnoDB: Last MySQL binlog file position 0 18915, file name mysql-bin.000379
2015-12-24 15:00:57 2552 [Note] InnoDB: 128 rollback segment(s) are active.
2015-12-24 15:00:58 2552 [Note] InnoDB: Waiting for purge to start
2015-12-24 15:00:58 2552 [Note] InnoDB: 5.6.11 started; log sequence number 6214304
2015-12-24 15:00:58 2552 [Note] Recovering after a crash using mysql-bin
2015-12-24 15:00:58 2552 [Note] Starting crash recovery...
2015-12-24 15:00:58 2552 [Note] Crash recovery finished.
2015-12-24 15:01:01 2552 [Note] Server hostname (bind-address): '*'; port: 3306
2015-12-24 15:01:01 2552 [Note] IPv6 is available.
2015-12-24 15:01:01 2552 [Note]   - '::' resolves to '::';
2015-12-24 15:01:01 2552 [Note] Server socket created on IP: '::'.
2015-12-24 15:01:02 2552 [Warning] InnoDB: Cannot open table mysql/slave_master_info from the internal data dictionary of InnoDB though the .frm file for the table exists. See http://dev.mysql.com/doc/refman/5.6/en/innodb-troubleshooting.html for how you can resolve the problem.
2015-12-24 15:01:02 2552 [Warning] Info table is not ready to be used. Table 'mysql.slave_master_info' cannot be opened.
2015-12-24 15:01:02 2552 [Warning] InnoDB: Cannot open table mysql/slave_worker_info from the internal data dictionary of InnoDB though the .frm file for the table exists. See http://dev.mysql.com/doc/refman/5.6/en/innodb-troubleshooting.html for how you can resolve the problem.
2015-12-24 15:01:02 2552 [Warning] InnoDB: Cannot open table mysql/slave_relay_log_info from the internal data dictionary of InnoDB though the .frm file for the table exists. See http://dev.mysql.com/doc/refman/5.6/en/innodb-troubleshooting.html for how you can resolve the problem.
2015-12-24 15:01:02 2552 [Warning] Info table is not ready to be used. Table 'mysql.slave_relay_log_info' cannot be opened.
2015-12-24 15:01:02 2552 [Note] Event Scheduler: Loaded 0 events
2015-12-24 15:01:02 2552 [Note] C:\Users\JOHN\Documents\Softwares\CHECKIT PHP\UwAmp\bin\database\mysql-5.6.11\bin\mysqld.exe: ready for connections.
Version: '5.6.11-log'  socket: ''  port: 3306  MySQL Community Server (GPL)
2016-01-24 15:59:55 3480 [Note] Plugin 'FEDERATED' is disabled.
2016-01-24 15:59:57 3480 [Note] InnoDB: The InnoDB memory heap is disabled
2016-01-24 15:59:57 3480 [Note] InnoDB: Mutexes and rw_locks use Windows interlocked functions
2016-01-24 15:59:57 3480 [Note] InnoDB: Compressed tables use zlib 1.2.3
2016-01-24 15:59:57 3480 [Note] InnoDB: Not using CPU crc32 instructions
2016-01-24 15:59:57 3480 [Note] InnoDB: Initializing buffer pool, size = 128.0M
2016-01-24 15:59:57 3480 [Note] InnoDB: Completed initialization of buffer pool
2016-01-24 15:59:57 3480 [Note] InnoDB: Highest supported file format is Barracuda.
2016-01-24 15:59:57 3480 [Note] InnoDB: The log sequence numbers 6213758 and 6213758 in ibdata files do not match the log sequence number 6214314 in the ib_logfiles!
2016-01-24 15:59:57 3480 [Note] InnoDB: Database was not shutdown normally!
2016-01-24 15:59:57 3480 [Note] InnoDB: Starting crash recovery.
2016-01-24 15:59:57 3480 [Note] InnoDB: Reading tablespace information from the .ibd files...
2016-01-24 15:59:58 3480 [Note] InnoDB: Restoring possible half-written data pages 
2016-01-24 15:59:58 3480 [Note] InnoDB: from the doublewrite buffer...
InnoDB: Last MySQL binlog file position 0 18915, file name mysql-bin.000379
2016-01-24 16:00:01 3480 [Note] InnoDB: 128 rollback segment(s) are active.
2016-01-24 16:00:01 3480 [Note] InnoDB: Waiting for purge to start
2016-01-24 16:00:02 3480 [Note] InnoDB: 5.6.11 started; log sequence number 6214314
2016-01-24 16:00:02 3480 [Note] Recovering after a crash using mysql-bin
2016-01-24 16:00:02 3480 [Note] Starting crash recovery...
2016-01-24 16:00:02 3480 [Note] Crash recovery finished.
2016-01-24 16:00:05 3480 [Note] Server hostname (bind-address): '*'; port: 3306
2016-01-24 16:00:05 3480 [Note] IPv6 is available.
2016-01-24 16:00:05 3480 [Note]   - '::' resolves to '::';
2016-01-24 16:00:05 3480 [Note] Server socket created on IP: '::'.
2016-01-24 16:00:05 3480 [Warning] InnoDB: Cannot open table mysql/slave_master_info from the internal data dictionary of InnoDB though the .frm file for the table exists. See http://dev.mysql.com/doc/refman/5.6/en/innodb-troubleshooting.html for how you can resolve the problem.
2016-01-24 16:00:05 3480 [Warning] Info table is not ready to be used. Table 'mysql.slave_master_info' cannot be opened.
2016-01-24 16:00:05 3480 [Warning] InnoDB: Cannot open table mysql/slave_worker_info from the internal data dictionary of InnoDB though the .frm file for the table exists. See http://dev.mysql.com/doc/refman/5.6/en/innodb-troubleshooting.html for how you can resolve the problem.
2016-01-24 16:00:05 3480 [Warning] InnoDB: Cannot open table mysql/slave_relay_log_info from the internal data dictionary of InnoDB though the .frm file for the table exists. See http://dev.mysql.com/doc/refman/5.6/en/innodb-troubleshooting.html for how you can resolve the problem.
2016-01-24 16:00:05 3480 [Warning] Info table is not ready to be used. Table 'mysql.slave_relay_log_info' cannot be opened.
2016-01-24 16:00:06 3480 [Note] Event Scheduler: Loaded 0 events
2016-01-24 16:00:06 3480 [Note] C:\Users\JOHN\Documents\Softwares\CHECKIT PHP\UwAmp\bin\database\mysql-5.6.11\bin\mysqld.exe: ready for connections.
Version: '5.6.11-log'  socket: ''  port: 3306  MySQL Community Server (GPL)
2016-02-13 12:26:30 1444 [Note] Plugin 'FEDERATED' is disabled.
2016-02-13 12:26:30 1444 [Note] InnoDB: The InnoDB memory heap is disabled
2016-02-13 12:26:30 1444 [Note] InnoDB: Mutexes and rw_locks use Windows interlocked functions
2016-02-13 12:26:30 1444 [Note] InnoDB: Compressed tables use zlib 1.2.3
2016-02-13 12:26:30 1444 [Note] InnoDB: Not using CPU crc32 instructions
2016-02-13 12:26:30 1444 [Note] InnoDB: Initializing buffer pool, size = 128.0M
2016-02-13 12:26:30 1444 [Note] InnoDB: Completed initialization of buffer pool
2016-02-13 12:26:31 1444 [Note] InnoDB: Highest supported file format is Barracuda.
2016-02-13 12:26:31 1444 [Note] InnoDB: The log sequence numbers 6213758 and 6213758 in ibdata files do not match the log sequence number 6214324 in the ib_logfiles!
2016-02-13 12:26:31 1444 [Note] InnoDB: Database was not shutdown normally!
2016-02-13 12:26:31 1444 [Note] InnoDB: Starting crash recovery.
2016-02-13 12:26:31 1444 [Note] InnoDB: Reading tablespace information from the .ibd files...
2016-02-13 12:26:31 1444 [Note] InnoDB: Restoring possible half-written data pages 
2016-02-13 12:26:31 1444 [Note] InnoDB: from the doublewrite buffer...
InnoDB: Last MySQL binlog file position 0 18915, file name mysql-bin.000379
2016-02-13 12:26:33 1444 [Note] InnoDB: 128 rollback segment(s) are active.
2016-02-13 12:26:33 1444 [Note] InnoDB: Waiting for purge to start
2016-02-13 12:26:33 1444 [Note] InnoDB: 5.6.11 started; log sequence number 6214324
2016-02-13 12:26:33 1444 [Note] Recovering after a crash using mysql-bin
2016-02-13 12:26:33 1444 [Note] Starting crash recovery...
2016-02-13 12:26:33 1444 [Note] Crash recovery finished.
2016-02-13 12:26:35 1444 [Note] Server hostname (bind-address): '*'; port: 3306
2016-02-13 12:26:35 1444 [Note] IPv6 is available.
2016-02-13 12:26:35 1444 [Note]   - '::' resolves to '::';
2016-02-13 12:26:35 1444 [Note] Server socket created on IP: '::'.
2016-02-13 12:26:36 1444 [Warning] InnoDB: Cannot open table mysql/slave_master_info from the internal data dictionary of InnoDB though the .frm file for the table exists. See http://dev.mysql.com/doc/refman/5.6/en/innodb-troubleshooting.html for how you can resolve the problem.
2016-02-13 12:26:36 1444 [Warning] Info table is not ready to be used. Table 'mysql.slave_master_info' cannot be opened.
2016-02-13 12:26:36 1444 [Warning] InnoDB: Cannot open table mysql/slave_worker_info from the internal data dictionary of InnoDB though the .frm file for the table exists. See http://dev.mysql.com/doc/refman/5.6/en/innodb-troubleshooting.html for how you can resolve the problem.
2016-02-13 12:26:36 1444 [Warning] InnoDB: Cannot open table mysql/slave_relay_log_info from the internal data dictionary of InnoDB though the .frm file for the table exists. See http://dev.mysql.com/doc/refman/5.6/en/innodb-troubleshooting.html for how you can resolve the problem.
2016-02-13 12:26:36 1444 [Warning] Info table is not ready to be used. Table 'mysql.slave_relay_log_info' cannot be opened.
2016-02-13 12:26:37 1444 [Note] Event Scheduler: Loaded 0 events
2016-02-13 12:26:37 1444 [Note] C:\Users\JOHN\Documents\Softwares\CHECKIT PHP\UwAmp\bin\database\mysql-5.6.11\bin\mysqld.exe: ready for connections.
Version: '5.6.11-log'  socket: ''  port: 3306  MySQL Community Server (GPL)
2016-03-09 14:04:05 3840 [Note] Plugin 'FEDERATED' is disabled.
2016-03-09 14:04:06 3840 [Note] InnoDB: The InnoDB memory heap is disabled
2016-03-09 14:04:06 3840 [Note] InnoDB: Mutexes and rw_locks use Windows interlocked functions
2016-03-09 14:04:06 3840 [Note] InnoDB: Compressed tables use zlib 1.2.3
2016-03-09 14:04:06 3840 [Note] InnoDB: Not using CPU crc32 instructions
2016-03-09 14:04:06 3840 [Note] InnoDB: Initializing buffer pool, size = 128.0M
2016-03-09 14:04:06 3840 [Note] InnoDB: Completed initialization of buffer pool
2016-03-09 14:04:06 3840 [Note] InnoDB: Highest supported file format is Barracuda.
2016-03-09 14:04:06 3840 [Note] InnoDB: The log sequence numbers 6213758 and 6213758 in ibdata files do not match the log sequence number 6214334 in the ib_logfiles!
2016-03-09 14:04:06 3840 [Note] InnoDB: Database was not shutdown normally!
2016-03-09 14:04:06 3840 [Note] InnoDB: Starting crash recovery.
2016-03-09 14:04:06 3840 [Note] InnoDB: Reading tablespace information from the .ibd files...
2016-03-09 14:04:08 3840 [Note] InnoDB: Restoring possible half-written data pages 
2016-03-09 14:04:08 3840 [Note] InnoDB: from the doublewrite buffer...
InnoDB: Last MySQL binlog file position 0 18915, file name mysql-bin.000379
2016-03-09 14:04:10 3840 [Note] InnoDB: 128 rollback segment(s) are active.
2016-03-09 14:04:10 3840 [Note] InnoDB: Waiting for purge to start
2016-03-09 14:04:10 3840 [Note] InnoDB: 5.6.11 started; log sequence number 6214334
2016-03-09 14:04:10 3840 [Note] Recovering after a crash using mysql-bin
2016-03-09 14:04:10 3840 [Note] Starting crash recovery...
2016-03-09 14:04:10 3840 [Note] Crash recovery finished.
2016-03-09 14:04:12 3840 [Note] Server hostname (bind-address): '*'; port: 3306
2016-03-09 14:04:12 3840 [Note] IPv6 is available.
2016-03-09 14:04:12 3840 [Note]   - '::' resolves to '::';
2016-03-09 14:04:12 3840 [Note] Server socket created on IP: '::'.
2016-03-09 14:04:13 3840 [Warning] InnoDB: Cannot open table mysql/slave_master_info from the internal data dictionary of InnoDB though the .frm file for the table exists. See http://dev.mysql.com/doc/refman/5.6/en/innodb-troubleshooting.html for how you can resolve the problem.
2016-03-09 14:04:13 3840 [Warning] Info table is not ready to be used. Table 'mysql.slave_master_info' cannot be opened.
2016-03-09 14:04:13 3840 [Warning] InnoDB: Cannot open table mysql/slave_worker_info from the internal data dictionary of InnoDB though the .frm file for the table exists. See http://dev.mysql.com/doc/refman/5.6/en/innodb-troubleshooting.html for how you can resolve the problem.
2016-03-09 14:04:13 3840 [Warning] InnoDB: Cannot open table mysql/slave_relay_log_info from the internal data dictionary of InnoDB though the .frm file for the table exists. See http://dev.mysql.com/doc/refman/5.6/en/innodb-troubleshooting.html for how you can resolve the problem.
2016-03-09 14:04:13 3840 [Warning] Info table is not ready to be used. Table 'mysql.slave_relay_log_info' cannot be opened.
2016-03-09 14:04:14 3840 [Note] Event Scheduler: Loaded 0 events
2016-03-09 14:04:14 3840 [Note] C:\Users\JOHN\Documents\Softwares\CHECKIT PHP\UwAmp\bin\database\mysql-5.6.11\bin\mysqld.exe: ready for connections.
Version: '5.6.11-log'  socket: ''  port: 3306  MySQL Community Server (GPL)
2016-03-10 08:36:36 2228 [Note] Plugin 'FEDERATED' is disabled.
2016-03-10 08:36:37 2228 [Note] InnoDB: The InnoDB memory heap is disabled
2016-03-10 08:36:37 2228 [Note] InnoDB: Mutexes and rw_locks use Windows interlocked functions
2016-03-10 08:36:37 2228 [Note] InnoDB: Compressed tables use zlib 1.2.3
2016-03-10 08:36:37 2228 [Note] InnoDB: Not using CPU crc32 instructions
2016-03-10 08:36:37 2228 [Note] InnoDB: Initializing buffer pool, size = 128.0M
2016-03-10 08:36:37 2228 [Note] InnoDB: Completed initialization of buffer pool
2016-03-10 08:36:37 2228 [Note] InnoDB: Highest supported file format is Barracuda.
2016-03-10 08:36:37 2228 [Note] InnoDB: The log sequence numbers 6213758 and 6213758 in ibdata files do not match the log sequence number 6214344 in the ib_logfiles!
2016-03-10 08:36:37 2228 [Note] InnoDB: Database was not shutdown normally!
2016-03-10 08:36:37 2228 [Note] InnoDB: Starting crash recovery.
2016-03-10 08:36:37 2228 [Note] InnoDB: Reading tablespace information from the .ibd files...
2016-03-10 08:36:37 2228 [Note] InnoDB: Restoring possible half-written data pages 
2016-03-10 08:36:37 2228 [Note] InnoDB: from the doublewrite buffer...
InnoDB: Last MySQL binlog file position 0 18915, file name mysql-bin.000379
2016-03-10 08:36:42 2228 [Note] InnoDB: 128 rollback segment(s) are active.
2016-03-10 08:36:42 2228 [Note] InnoDB: Waiting for purge to start
2016-03-10 08:36:42 2228 [Note] InnoDB: 5.6.11 started; log sequence number 6214344
2016-03-10 08:36:42 2228 [Note] Recovering after a crash using mysql-bin
2016-03-10 08:36:42 2228 [Note] Starting crash recovery...
2016-03-10 08:36:42 2228 [Note] Crash recovery finished.
2016-03-10 08:36:44 2228 [Note] Server hostname (bind-address): '*'; port: 3306
2016-03-10 08:36:44 2228 [Note] IPv6 is available.
2016-03-10 08:36:44 2228 [Note]   - '::' resolves to '::';
2016-03-10 08:36:44 2228 [Note] Server socket created on IP: '::'.
2016-03-10 08:36:45 2228 [Warning] InnoDB: Cannot open table mysql/slave_master_info from the internal data dictionary of InnoDB though the .frm file for the table exists. See http://dev.mysql.com/doc/refman/5.6/en/innodb-troubleshooting.html for how you can resolve the problem.
2016-03-10 08:36:45 2228 [Warning] Info table is not ready to be used. Table 'mysql.slave_master_info' cannot be opened.
2016-03-10 08:36:45 2228 [Warning] InnoDB: Cannot open table mysql/slave_worker_info from the internal data dictionary of InnoDB though the .frm file for the table exists. See http://dev.mysql.com/doc/refman/5.6/en/innodb-troubleshooting.html for how you can resolve the problem.
2016-03-10 08:36:45 2228 [Warning] InnoDB: Cannot open table mysql/slave_relay_log_info from the internal data dictionary of InnoDB though the .frm file for the table exists. See http://dev.mysql.com/doc/refman/5.6/en/innodb-troubleshooting.html for how you can resolve the problem.
2016-03-10 08:36:45 2228 [Warning] Info table is not ready to be used. Table 'mysql.slave_relay_log_info' cannot be opened.
2016-03-10 08:36:45 2228 [Note] Event Scheduler: Loaded 0 events
2016-03-10 08:36:45 2228 [Note] C:\Users\JOHN\Documents\Softwares\CHECKIT PHP\UwAmp\bin\database\mysql-5.6.11\bin\mysqld.exe: ready for connections.
Version: '5.6.11-log'  socket: ''  port: 3306  MySQL Community Server (GPL)
2016-03-23 12:02:21 4832 [Note] Plugin 'FEDERATED' is disabled.
2016-03-23 12:02:21 4832 [Note] InnoDB: The InnoDB memory heap is disabled
2016-03-23 12:02:21 4832 [Note] InnoDB: Mutexes and rw_locks use Windows interlocked functions
2016-03-23 12:02:21 4832 [Note] InnoDB: Compressed tables use zlib 1.2.3
2016-03-23 12:02:21 4832 [Note] InnoDB: Not using CPU crc32 instructions
2016-03-23 12:02:21 4832 [Note] InnoDB: Initializing buffer pool, size = 128.0M
2016-03-23 12:02:21 4832 [Note] InnoDB: Completed initialization of buffer pool
2016-03-23 12:02:22 4832 [Note] InnoDB: Highest supported file format is Barracuda.
2016-03-23 12:02:22 4832 [Note] InnoDB: The log sequence numbers 6213758 and 6213758 in ibdata files do not match the log sequence number 6214354 in the ib_logfiles!
2016-03-23 12:02:22 4832 [Note] InnoDB: Database was not shutdown normally!
2016-03-23 12:02:22 4832 [Note] InnoDB: Starting crash recovery.
2016-03-23 12:02:22 4832 [Note] InnoDB: Reading tablespace information from the .ibd files...
2016-03-23 12:02:23 4832 [Note] InnoDB: Restoring possible half-written data pages 
2016-03-23 12:02:23 4832 [Note] InnoDB: from the doublewrite buffer...
InnoDB: Last MySQL binlog file position 0 18915, file name mysql-bin.000379
2016-03-23 12:02:26 4832 [Note] InnoDB: 128 rollback segment(s) are active.
2016-03-23 12:02:26 4832 [Note] InnoDB: Waiting for purge to start
2016-03-23 12:02:26 4832 [Note] InnoDB: 5.6.11 started; log sequence number 6214354
2016-03-23 12:02:26 4832 [Note] Recovering after a crash using mysql-bin
2016-03-23 12:02:26 4832 [Note] Starting crash recovery...
2016-03-23 12:02:26 4832 [Note] Crash recovery finished.
2016-03-23 12:02:29 4832 [Note] Server hostname (bind-address): '*'; port: 3306
2016-03-23 12:02:29 4832 [Note] IPv6 is available.
2016-03-23 12:02:29 4832 [Note]   - '::' resolves to '::';
2016-03-23 12:02:29 4832 [Note] Server socket created on IP: '::'.
2016-03-23 12:02:29 4832 [Warning] InnoDB: Cannot open table mysql/slave_master_info from the internal data dictionary of InnoDB though the .frm file for the table exists. See http://dev.mysql.com/doc/refman/5.6/en/innodb-troubleshooting.html for how you can resolve the problem.
2016-03-23 12:02:29 4832 [Warning] Info table is not ready to be used. Table 'mysql.slave_master_info' cannot be opened.
2016-03-23 12:02:29 4832 [Warning] InnoDB: Cannot open table mysql/slave_worker_info from the internal data dictionary of InnoDB though the .frm file for the table exists. See http://dev.mysql.com/doc/refman/5.6/en/innodb-troubleshooting.html for how you can resolve the problem.
2016-03-23 12:02:29 4832 [Warning] InnoDB: Cannot open table mysql/slave_relay_log_info from the internal data dictionary of InnoDB though the .frm file for the table exists. See http://dev.mysql.com/doc/refman/5.6/en/innodb-troubleshooting.html for how you can resolve the problem.
2016-03-23 12:02:29 4832 [Warning] Info table is not ready to be used. Table 'mysql.slave_relay_log_info' cannot be opened.
2016-03-23 12:02:30 4832 [Note] Event Scheduler: Loaded 0 events
2016-03-23 12:02:30 4832 [Note] C:\Users\JOHN\Documents\Softwares\CHECKIT PHP\UwAmp\bin\database\mysql-5.6.11\bin\mysqld.exe: ready for connections.
Version: '5.6.11-log'  socket: ''  port: 3306  MySQL Community Server (GPL)
2016-03-31 11:26:52 1824 [Note] Plugin 'FEDERATED' is disabled.
2016-03-31 11:26:52 1824 [Note] InnoDB: The InnoDB memory heap is disabled
2016-03-31 11:26:52 1824 [Note] InnoDB: Mutexes and rw_locks use Windows interlocked functions
2016-03-31 11:26:52 1824 [Note] InnoDB: Compressed tables use zlib 1.2.3
2016-03-31 11:26:52 1824 [Note] InnoDB: Not using CPU crc32 instructions
2016-03-31 11:26:52 1824 [Note] InnoDB: Initializing buffer pool, size = 128.0M
2016-03-31 11:26:52 1824 [Note] InnoDB: Completed initialization of buffer pool
2016-03-31 11:26:53 1824 [Note] InnoDB: Highest supported file format is Barracuda.
2016-03-31 11:26:53 1824 [Note] InnoDB: The log sequence numbers 6213758 and 6213758 in ibdata files do not match the log sequence number 6214364 in the ib_logfiles!
2016-03-31 11:26:53 1824 [Note] InnoDB: Database was not shutdown normally!
2016-03-31 11:26:53 1824 [Note] InnoDB: Starting crash recovery.
2016-03-31 11:26:53 1824 [Note] InnoDB: Reading tablespace information from the .ibd files...
2016-03-31 11:26:54 1824 [Note] InnoDB: Restoring possible half-written data pages 
2016-03-31 11:26:54 1824 [Note] InnoDB: from the doublewrite buffer...
InnoDB: Last MySQL binlog file position 0 18915, file name mysql-bin.000379
2016-03-31 11:26:58 1824 [Note] InnoDB: 128 rollback segment(s) are active.
2016-03-31 11:26:58 1824 [Note] InnoDB: Waiting for purge to start
2016-03-31 11:26:59 1824 [Note] InnoDB: 5.6.11 started; log sequence number 6214364
2016-03-31 11:26:59 1824 [Note] Recovering after a crash using mysql-bin
2016-03-31 11:26:59 1824 [Note] Starting crash recovery...
2016-03-31 11:26:59 1824 [Note] Crash recovery finished.
2016-03-31 11:27:02 1824 [Note] Server hostname (bind-address): '*'; port: 3306
2016-03-31 11:27:02 1824 [Note] IPv6 is available.
2016-03-31 11:27:02 1824 [Note]   - '::' resolves to '::';
2016-03-31 11:27:02 1824 [Note] Server socket created on IP: '::'.
2016-03-31 11:27:03 1824 [Warning] InnoDB: Cannot open table mysql/slave_master_info from the internal data dictionary of InnoDB though the .frm file for the table exists. See http://dev.mysql.com/doc/refman/5.6/en/innodb-troubleshooting.html for how you can resolve the problem.
2016-03-31 11:27:03 1824 [Warning] Info table is not ready to be used. Table 'mysql.slave_master_info' cannot be opened.
2016-03-31 11:27:03 1824 [Warning] InnoDB: Cannot open table mysql/slave_worker_info from the internal data dictionary of InnoDB though the .frm file for the table exists. See http://dev.mysql.com/doc/refman/5.6/en/innodb-troubleshooting.html for how you can resolve the problem.
2016-03-31 11:27:03 1824 [Warning] InnoDB: Cannot open table mysql/slave_relay_log_info from the internal data dictionary of InnoDB though the .frm file for the table exists. See http://dev.mysql.com/doc/refman/5.6/en/innodb-troubleshooting.html for how you can resolve the problem.
2016-03-31 11:27:03 1824 [Warning] Info table is not ready to be used. Table 'mysql.slave_relay_log_info' cannot be opened.
2016-03-31 11:27:04 1824 [Note] Event Scheduler: Loaded 0 events
2016-03-31 11:27:04 1824 [Note] C:\Users\JOHN\Documents\Softwares\CHECKIT PHP\UwAmp\bin\database\mysql-5.6.11\bin\mysqld.exe: ready for connections.
Version: '5.6.11-log'  socket: ''  port: 3306  MySQL Community Server (GPL)
2016-04-19 09:59:25 4568 [Note] Plugin 'FEDERATED' is disabled.
2016-04-19 09:59:26 4568 [Note] InnoDB: The InnoDB memory heap is disabled
2016-04-19 09:59:26 4568 [Note] InnoDB: Mutexes and rw_locks use Windows interlocked functions
2016-04-19 09:59:26 4568 [Note] InnoDB: Compressed tables use zlib 1.2.3
2016-04-19 09:59:26 4568 [Note] InnoDB: Not using CPU crc32 instructions
2016-04-19 09:59:26 4568 [Note] InnoDB: Initializing buffer pool, size = 128.0M
2016-04-19 09:59:26 4568 [Note] InnoDB: Completed initialization of buffer pool
2016-04-19 09:59:26 4568 [Note] InnoDB: Highest supported file format is Barracuda.
2016-04-19 09:59:26 4568 [Note] InnoDB: The log sequence numbers 6213758 and 6213758 in ibdata files do not match the log sequence number 6214374 in the ib_logfiles!
2016-04-19 09:59:26 4568 [Note] InnoDB: Database was not shutdown normally!
2016-04-19 09:59:26 4568 [Note] InnoDB: Starting crash recovery.
2016-04-19 09:59:26 4568 [Note] InnoDB: Reading tablespace information from the .ibd files...
2016-04-19 09:59:30 4568 [Note] InnoDB: Restoring possible half-written data pages 
2016-04-19 09:59:30 4568 [Note] InnoDB: from the doublewrite buffer...
InnoDB: Last MySQL binlog file position 0 18915, file name mysql-bin.000379
2016-04-19 09:59:39 4568 [Note] InnoDB: 128 rollback segment(s) are active.
2016-04-19 09:59:39 4568 [Note] InnoDB: Waiting for purge to start
2016-04-19 09:59:40 4568 [Note] InnoDB: 5.6.11 started; log sequence number 6214374
2016-04-19 09:59:40 4568 [Note] Recovering after a crash using mysql-bin
2016-04-19 09:59:40 4568 [Note] Starting crash recovery...
2016-04-19 09:59:40 4568 [Note] Crash recovery finished.
2016-04-19 09:59:44 4568 [Note] Server hostname (bind-address): '*'; port: 3306
2016-04-19 09:59:44 4568 [Note] IPv6 is available.
2016-04-19 09:59:44 4568 [Note]   - '::' resolves to '::';
2016-04-19 09:59:44 4568 [Note] Server socket created on IP: '::'.
2016-04-19 09:59:45 4568 [Warning] InnoDB: Cannot open table mysql/slave_master_info from the internal data dictionary of InnoDB though the .frm file for the table exists. See http://dev.mysql.com/doc/refman/5.6/en/innodb-troubleshooting.html for how you can resolve the problem.
2016-04-19 09:59:45 4568 [Warning] Info table is not ready to be used. Table 'mysql.slave_master_info' cannot be opened.
2016-04-19 09:59:45 4568 [Warning] InnoDB: Cannot open table mysql/slave_worker_info from the internal data dictionary of InnoDB though the .frm file for the table exists. See http://dev.mysql.com/doc/refman/5.6/en/innodb-troubleshooting.html for how you can resolve the problem.
2016-04-19 09:59:45 4568 [Warning] InnoDB: Cannot open table mysql/slave_relay_log_info from the internal data dictionary of InnoDB though the .frm file for the table exists. See http://dev.mysql.com/doc/refman/5.6/en/innodb-troubleshooting.html for how you can resolve the problem.
2016-04-19 09:59:45 4568 [Warning] Info table is not ready to be used. Table 'mysql.slave_relay_log_info' cannot be opened.
2016-04-19 09:59:46 4568 [Note] Event Scheduler: Loaded 0 events
2016-04-19 09:59:46 4568 [Note] C:\Users\JOHN\Documents\Softwares\CHECKIT PHP\UwAmp\bin\database\mysql-5.6.11\bin\mysqld.exe: ready for connections.
Version: '5.6.11-log'  socket: ''  port: 3306  MySQL Community Server (GPL)
2016-05-06 09:49:17 5040 [Note] Plugin 'FEDERATED' is disabled.
2016-05-06 09:49:17 5040 [Note] InnoDB: The InnoDB memory heap is disabled
2016-05-06 09:49:17 5040 [Note] InnoDB: Mutexes and rw_locks use Windows interlocked functions
2016-05-06 09:49:17 5040 [Note] InnoDB: Compressed tables use zlib 1.2.3
2016-05-06 09:49:17 5040 [Note] InnoDB: Not using CPU crc32 instructions
2016-05-06 09:49:17 5040 [Note] InnoDB: Initializing buffer pool, size = 128.0M
2016-05-06 09:49:18 5040 [Note] InnoDB: Completed initialization of buffer pool
2016-05-06 09:49:18 5040 [Note] InnoDB: Highest supported file format is Barracuda.
2016-05-06 09:49:18 5040 [Note] InnoDB: The log sequence numbers 6213758 and 6213758 in ibdata files do not match the log sequence number 6214384 in the ib_logfiles!
2016-05-06 09:49:18 5040 [Note] InnoDB: Database was not shutdown normally!
2016-05-06 09:49:18 5040 [Note] InnoDB: Starting crash recovery.
2016-05-06 09:49:18 5040 [Note] InnoDB: Reading tablespace information from the .ibd files...
2016-05-06 09:49:20 5040 [Note] InnoDB: Restoring possible half-written data pages 
2016-05-06 09:49:20 5040 [Note] InnoDB: from the doublewrite buffer...
InnoDB: Last MySQL binlog file position 0 18915, file name mysql-bin.000379
2016-05-06 09:49:23 5040 [Note] InnoDB: 128 rollback segment(s) are active.
2016-05-06 09:49:23 5040 [Note] InnoDB: Waiting for purge to start
2016-05-06 09:49:23 5040 [Note] InnoDB: 5.6.11 started; log sequence number 6214384
2016-05-06 09:49:24 5040 [Note] Recovering after a crash using mysql-bin
2016-05-06 09:49:24 5040 [Note] Starting crash recovery...
2016-05-06 09:49:24 5040 [Note] Crash recovery finished.
2016-05-06 09:49:27 5040 [Note] Server hostname (bind-address): '*'; port: 3306
2016-05-06 09:49:27 5040 [Note] IPv6 is available.
2016-05-06 09:49:27 5040 [Note]   - '::' resolves to '::';
2016-05-06 09:49:27 5040 [Note] Server socket created on IP: '::'.
2016-05-06 09:49:28 5040 [Warning] InnoDB: Cannot open table mysql/slave_master_info from the internal data dictionary of InnoDB though the .frm file for the table exists. See http://dev.mysql.com/doc/refman/5.6/en/innodb-troubleshooting.html for how you can resolve the problem.
2016-05-06 09:49:28 5040 [Warning] Info table is not ready to be used. Table 'mysql.slave_master_info' cannot be opened.
2016-05-06 09:49:28 5040 [Warning] InnoDB: Cannot open table mysql/slave_worker_info from the internal data dictionary of InnoDB though the .frm file for the table exists. See http://dev.mysql.com/doc/refman/5.6/en/innodb-troubleshooting.html for how you can resolve the problem.
2016-05-06 09:49:28 5040 [Warning] InnoDB: Cannot open table mysql/slave_relay_log_info from the internal data dictionary of InnoDB though the .frm file for the table exists. See http://dev.mysql.com/doc/refman/5.6/en/innodb-troubleshooting.html for how you can resolve the problem.
2016-05-06 09:49:28 5040 [Warning] Info table is not ready to be used. Table 'mysql.slave_relay_log_info' cannot be opened.
2016-05-06 09:49:28 5040 [Note] Event Scheduler: Loaded 0 events
2016-05-06 09:49:28 5040 [Note] C:\Users\JOHN\Documents\Softwares\CHECKIT PHP\UwAmp\bin\database\mysql-5.6.11\bin\mysqld.exe: ready for connections.
Version: '5.6.11-log'  socket: ''  port: 3306  MySQL Community Server (GPL)
2016-05-16 09:55:53 2244 [Note] Plugin 'FEDERATED' is disabled.
2016-05-16 09:55:53 2244 [Note] InnoDB: The InnoDB memory heap is disabled
2016-05-16 09:55:53 2244 [Note] InnoDB: Mutexes and rw_locks use Windows interlocked functions
2016-05-16 09:55:53 2244 [Note] InnoDB: Compressed tables use zlib 1.2.3
2016-05-16 09:55:53 2244 [Note] InnoDB: Not using CPU crc32 instructions
2016-05-16 09:55:53 2244 [Note] InnoDB: Initializing buffer pool, size = 128.0M
2016-05-16 09:55:53 2244 [Note] InnoDB: Completed initialization of buffer pool
2016-05-16 09:55:53 2244 [Note] InnoDB: Highest supported file format is Barracuda.
2016-05-16 09:55:53 2244 [Note] InnoDB: The log sequence numbers 6213758 and 6213758 in ibdata files do not match the log sequence number 6214394 in the ib_logfiles!
2016-05-16 09:55:53 2244 [Note] InnoDB: Database was not shutdown normally!
2016-05-16 09:55:53 2244 [Note] InnoDB: Starting crash recovery.
2016-05-16 09:55:53 2244 [Note] InnoDB: Reading tablespace information from the .ibd files...
2016-05-16 09:55:55 2244 [Note] InnoDB: Restoring possible half-written data pages 
2016-05-16 09:55:55 2244 [Note] InnoDB: from the doublewrite buffer...
InnoDB: Last MySQL binlog file position 0 18915, file name mysql-bin.000379
2016-05-16 09:56:00 2244 [Note] InnoDB: 128 rollback segment(s) are active.
2016-05-16 09:56:00 2244 [Note] InnoDB: Waiting for purge to start
2016-05-16 09:56:00 2244 [Note] InnoDB: 5.6.11 started; log sequence number 6214394
2016-05-16 09:56:00 2244 [Note] Recovering after a crash using mysql-bin
2016-05-16 09:56:00 2244 [Note] Starting crash recovery...
2016-05-16 09:56:00 2244 [Note] Crash recovery finished.
2016-05-16 09:56:03 2244 [Note] Server hostname (bind-address): '*'; port: 3306
2016-05-16 09:56:03 2244 [Note] IPv6 is available.
2016-05-16 09:56:03 2244 [Note]   - '::' resolves to '::';
2016-05-16 09:56:03 2244 [Note] Server socket created on IP: '::'.
2016-05-16 09:56:04 2244 [Warning] InnoDB: Cannot open table mysql/slave_master_info from the internal data dictionary of InnoDB though the .frm file for the table exists. See http://dev.mysql.com/doc/refman/5.6/en/innodb-troubleshooting.html for how you can resolve the problem.
2016-05-16 09:56:04 2244 [Warning] Info table is not ready to be used. Table 'mysql.slave_master_info' cannot be opened.
2016-05-16 09:56:04 2244 [Warning] InnoDB: Cannot open table mysql/slave_worker_info from the internal data dictionary of InnoDB though the .frm file for the table exists. See http://dev.mysql.com/doc/refman/5.6/en/innodb-troubleshooting.html for how you can resolve the problem.
2016-05-16 09:56:04 2244 [Warning] InnoDB: Cannot open table mysql/slave_relay_log_info from the internal data dictionary of InnoDB though the .frm file for the table exists. See http://dev.mysql.com/doc/refman/5.6/en/innodb-troubleshooting.html for how you can resolve the problem.
2016-05-16 09:56:04 2244 [Warning] Info table is not ready to be used. Table 'mysql.slave_relay_log_info' cannot be opened.
2016-05-16 09:56:04 2244 [Note] Event Scheduler: Loaded 0 events
2016-05-16 09:56:04 2244 [Note] C:\Users\JOHN\Documents\Softwares\CHECKIT PHP\UwAmp\bin\database\mysql-5.6.11\bin\mysqld.exe: ready for connections.
Version: '5.6.11-log'  socket: ''  port: 3306  MySQL Community Server (GPL)
2016-06-13 08:39:45 6120 [Note] Plugin 'FEDERATED' is disabled.
2016-06-13 08:39:45 6120 [Note] InnoDB: The InnoDB memory heap is disabled
2016-06-13 08:39:45 6120 [Note] InnoDB: Mutexes and rw_locks use Windows interlocked functions
2016-06-13 08:39:45 6120 [Note] InnoDB: Compressed tables use zlib 1.2.3
2016-06-13 08:39:45 6120 [Note] InnoDB: Not using CPU crc32 instructions
2016-06-13 08:39:45 6120 [Note] InnoDB: Initializing buffer pool, size = 128.0M
2016-06-13 08:39:45 6120 [Note] InnoDB: Completed initialization of buffer pool
2016-06-13 08:39:46 6120 [Note] InnoDB: Highest supported file format is Barracuda.
2016-06-13 08:39:46 6120 [Note] InnoDB: The log sequence numbers 6213758 and 6213758 in ibdata files do not match the log sequence number 6214404 in the ib_logfiles!
2016-06-13 08:39:46 6120 [Note] InnoDB: Database was not shutdown normally!
2016-06-13 08:39:46 6120 [Note] InnoDB: Starting crash recovery.
2016-06-13 08:39:46 6120 [Note] InnoDB: Reading tablespace information from the .ibd files...
2016-06-13 08:39:49 6120 [Note] InnoDB: Restoring possible half-written data pages 
2016-06-13 08:39:49 6120 [Note] InnoDB: from the doublewrite buffer...
InnoDB: Last MySQL binlog file position 0 18915, file name mysql-bin.000379
2016-06-13 08:39:53 6120 [Note] InnoDB: 128 rollback segment(s) are active.
2016-06-13 08:39:53 6120 [Note] InnoDB: Waiting for purge to start
2016-06-13 08:39:53 6120 [Note] InnoDB: 5.6.11 started; log sequence number 6214404
2016-06-13 08:39:53 6120 [Note] Recovering after a crash using mysql-bin
2016-06-13 08:39:53 6120 [Note] Starting crash recovery...
2016-06-13 08:39:53 6120 [Note] Crash recovery finished.
2016-06-13 08:39:59 6120 [Note] Server hostname (bind-address): '*'; port: 3306
2016-06-13 08:39:59 6120 [Note] IPv6 is available.
2016-06-13 08:39:59 6120 [Note]   - '::' resolves to '::';
2016-06-13 08:39:59 6120 [Note] Server socket created on IP: '::'.
2016-06-13 08:40:00 6120 [Warning] InnoDB: Cannot open table mysql/slave_master_info from the internal data dictionary of InnoDB though the .frm file for the table exists. See http://dev.mysql.com/doc/refman/5.6/en/innodb-troubleshooting.html for how you can resolve the problem.
2016-06-13 08:40:00 6120 [Warning] Info table is not ready to be used. Table 'mysql.slave_master_info' cannot be opened.
2016-06-13 08:40:00 6120 [Warning] InnoDB: Cannot open table mysql/slave_worker_info from the internal data dictionary of InnoDB though the .frm file for the table exists. See http://dev.mysql.com/doc/refman/5.6/en/innodb-troubleshooting.html for how you can resolve the problem.
2016-06-13 08:40:00 6120 [Warning] InnoDB: Cannot open table mysql/slave_relay_log_info from the internal data dictionary of InnoDB though the .frm file for the table exists. See http://dev.mysql.com/doc/refman/5.6/en/innodb-troubleshooting.html for how you can resolve the problem.
2016-06-13 08:40:00 6120 [Warning] Info table is not ready to be used. Table 'mysql.slave_relay_log_info' cannot be opened.
2016-06-13 08:40:01 6120 [Note] Event Scheduler: Loaded 0 events
2016-06-13 08:40:01 6120 [Note] C:\Users\JOHN\Documents\Softwares\CHECKIT PHP\UwAmp\bin\database\mysql-5.6.11\bin\mysqld.exe: ready for connections.
Version: '5.6.11-log'  socket: ''  port: 3306  MySQL Community Server (GPL)
2016-06-13 09:10:47 6120 [ERROR] Got error 127 when reading table '.\phpmyadmin\pma__relation'
2016-07-25 21:55:22 4400 [Note] Plugin 'FEDERATED' is disabled.
2016-07-25 21:55:22 4400 [Note] InnoDB: The InnoDB memory heap is disabled
2016-07-25 21:55:22 4400 [Note] InnoDB: Mutexes and rw_locks use Windows interlocked functions
2016-07-25 21:55:22 4400 [Note] InnoDB: Compressed tables use zlib 1.2.3
2016-07-25 21:55:22 4400 [Note] InnoDB: Not using CPU crc32 instructions
2016-07-25 21:55:22 4400 [Note] InnoDB: Initializing buffer pool, size = 128.0M
2016-07-25 21:55:22 4400 [Note] InnoDB: Completed initialization of buffer pool
2016-07-25 21:55:22 4400 [Note] InnoDB: Highest supported file format is Barracuda.
2016-07-25 21:55:22 4400 [Note] InnoDB: The log sequence numbers 6213758 and 6213758 in ibdata files do not match the log sequence number 6214414 in the ib_logfiles!
2016-07-25 21:55:22 4400 [Note] InnoDB: Database was not shutdown normally!
2016-07-25 21:55:22 4400 [Note] InnoDB: Starting crash recovery.
2016-07-25 21:55:22 4400 [Note] InnoDB: Reading tablespace information from the .ibd files...
2016-07-25 21:55:23 4400 [Note] InnoDB: Restoring possible half-written data pages 
2016-07-25 21:55:23 4400 [Note] InnoDB: from the doublewrite buffer...
InnoDB: Last MySQL binlog file position 0 18915, file name mysql-bin.000379
2016-07-25 21:55:25 4400 [Note] InnoDB: 128 rollback segment(s) are active.
2016-07-25 21:55:25 4400 [Note] InnoDB: Waiting for purge to start
2016-07-25 21:55:25 4400 [Note] InnoDB: 5.6.11 started; log sequence number 6214414
2016-07-25 21:55:25 4400 [Note] Recovering after a crash using mysql-bin
2016-07-25 21:55:25 4400 [Note] Starting crash recovery...
2016-07-25 21:55:25 4400 [Note] Crash recovery finished.
2016-07-25 21:55:30 4400 [Note] Server hostname (bind-address): '*'; port: 3306
2016-07-25 21:55:30 4400 [Note] IPv6 is available.
2016-07-25 21:55:30 4400 [Note]   - '::' resolves to '::';
2016-07-25 21:55:30 4400 [Note] Server socket created on IP: '::'.
2016-07-25 21:55:32 4400 [Warning] InnoDB: Cannot open table mysql/slave_master_info from the internal data dictionary of InnoDB though the .frm file for the table exists. See http://dev.mysql.com/doc/refman/5.6/en/innodb-troubleshooting.html for how you can resolve the problem.
2016-07-25 21:55:32 4400 [Warning] Info table is not ready to be used. Table 'mysql.slave_master_info' cannot be opened.
2016-07-25 21:55:32 4400 [Warning] InnoDB: Cannot open table mysql/slave_worker_info from the internal data dictionary of InnoDB though the .frm file for the table exists. See http://dev.mysql.com/doc/refman/5.6/en/innodb-troubleshooting.html for how you can resolve the problem.
2016-07-25 21:55:32 4400 [Warning] InnoDB: Cannot open table mysql/slave_relay_log_info from the internal data dictionary of InnoDB though the .frm file for the table exists. See http://dev.mysql.com/doc/refman/5.6/en/innodb-troubleshooting.html for how you can resolve the problem.
2016-07-25 21:55:32 4400 [Warning] Info table is not ready to be used. Table 'mysql.slave_relay_log_info' cannot be opened.
2016-07-25 21:55:33 4400 [Note] Event Scheduler: Loaded 0 events
2016-07-25 21:55:33 4400 [Note] C:\Users\JOHN\Documents\Softwares\CHECKIT PHP\UwAmp\bin\database\mysql-5.6.11\bin\mysqld.exe: ready for connections.
Version: '5.6.11-log'  socket: ''  port: 3306  MySQL Community Server (GPL)
2016-11-29 02:44:06 1944 [Note] Plugin 'FEDERATED' is disabled.
2016-11-29 02:44:06 1944 [Note] InnoDB: The InnoDB memory heap is disabled
2016-11-29 02:44:06 1944 [Note] InnoDB: Mutexes and rw_locks use Windows interlocked functions
2016-11-29 02:44:06 1944 [Note] InnoDB: Compressed tables use zlib 1.2.3
2016-11-29 02:44:06 1944 [Note] InnoDB: Not using CPU crc32 instructions
2016-11-29 02:44:06 1944 [Note] InnoDB: Initializing buffer pool, size = 128.0M
2016-11-29 02:44:06 1944 [Note] InnoDB: Completed initialization of buffer pool
2016-11-29 02:44:06 1944 [Note] InnoDB: Highest supported file format is Barracuda.
2016-11-29 02:44:06 1944 [Note] InnoDB: The log sequence numbers 6213758 and 6213758 in ibdata files do not match the log sequence number 6214424 in the ib_logfiles!
2016-11-29 02:44:06 1944 [Note] InnoDB: Database was not shutdown normally!
2016-11-29 02:44:06 1944 [Note] InnoDB: Starting crash recovery.
2016-11-29 02:44:06 1944 [Note] InnoDB: Reading tablespace information from the .ibd files...
2016-11-29 02:44:10 1944 [Note] InnoDB: Restoring possible half-written data pages 
2016-11-29 02:44:10 1944 [Note] InnoDB: from the doublewrite buffer...
InnoDB: Last MySQL binlog file position 0 18915, file name mysql-bin.000379
2016-11-29 02:44:13 1944 [Note] InnoDB: 128 rollback segment(s) are active.
2016-11-29 02:44:13 1944 [Note] InnoDB: Waiting for purge to start
2016-11-29 02:44:14 1944 [Note] InnoDB: 5.6.11 started; log sequence number 6214424
2016-11-29 02:44:14 1944 [Note] Recovering after a crash using mysql-bin
2016-11-29 02:44:14 1944 [Note] Starting crash recovery...
2016-11-29 02:44:14 1944 [Note] Crash recovery finished.
2016-11-29 02:44:22 1944 [Note] Server hostname (bind-address): '*'; port: 3306
2016-11-29 02:44:22 1944 [Note] IPv6 is available.
2016-11-29 02:44:22 1944 [Note]   - '::' resolves to '::';
2016-11-29 02:44:22 1944 [Note] Server socket created on IP: '::'.
2016-11-29 02:44:31 1944 [Warning] InnoDB: Cannot open table mysql/slave_master_info from the internal data dictionary of InnoDB though the .frm file for the table exists. See http://dev.mysql.com/doc/refman/5.6/en/innodb-troubleshooting.html for how you can resolve the problem.
2016-11-29 02:44:31 1944 [Warning] Info table is not ready to be used. Table 'mysql.slave_master_info' cannot be opened.
2016-11-29 02:44:31 1944 [Warning] InnoDB: Cannot open table mysql/slave_worker_info from the internal data dictionary of InnoDB though the .frm file for the table exists. See http://dev.mysql.com/doc/refman/5.6/en/innodb-troubleshooting.html for how you can resolve the problem.
2016-11-29 02:44:31 1944 [Warning] InnoDB: Cannot open table mysql/slave_relay_log_info from the internal data dictionary of InnoDB though the .frm file for the table exists. See http://dev.mysql.com/doc/refman/5.6/en/innodb-troubleshooting.html for how you can resolve the problem.
2016-11-29 02:44:31 1944 [Warning] Info table is not ready to be used. Table 'mysql.slave_relay_log_info' cannot be opened.
2016-11-29 02:44:40 1944 [Note] Event Scheduler: Loaded 0 events
2016-11-29 02:44:40 1944 [Note] C:\Users\JOHN\Downloads\IFC - 2016\2FASE\LPG1\UwAmp\bin\database\mysql-5.6.11\bin\mysqld.exe: ready for connections.
Version: '5.6.11-log'  socket: ''  port: 3306  MySQL Community Server (GPL)
2016-11-29 03:46:07 1944 [ERROR] Got error 127 when reading table '.\phpmyadmin\pma__relation'
2016-11-29 03:57:56 1944 [ERROR] Got error 127 when reading table '.\phpmyadmin\pma__relation'
2016-11-29 08:09:43 1944 [ERROR] Got error 127 when reading table '.\phpmyadmin\pma__relation'
2016-11-29 08:10:01 1944 [ERROR] Got error 127 when reading table '.\phpmyadmin\pma__relation'
2016-11-29 08:10:38 1944 [ERROR] Got error 127 when reading table '.\phpmyadmin\pma__relation'
2016-11-29 08:10:46 1944 [ERROR] Got error 127 when reading table '.\phpmyadmin\pma__relation'
2016-11-29 08:11:04 1944 [ERROR] Got error 127 when reading table '.\phpmyadmin\pma__relation'
2016-11-29 08:48:11 1944 [ERROR] Got error 127 when reading table '.\phpmyadmin\pma__relation'
2016-12-25 19:51:42 7120 [Note] Plugin 'FEDERATED' is disabled.
2016-12-25 19:51:43 7120 [Note] InnoDB: The InnoDB memory heap is disabled
2016-12-25 19:51:43 7120 [Note] InnoDB: Mutexes and rw_locks use Windows interlocked functions
2016-12-25 19:51:43 7120 [Note] InnoDB: Compressed tables use zlib 1.2.3
2016-12-25 19:51:43 7120 [Note] InnoDB: Not using CPU crc32 instructions
2016-12-25 19:51:43 7120 [Note] InnoDB: Initializing buffer pool, size = 128.0M
2016-12-25 19:51:43 7120 [Note] InnoDB: Completed initialization of buffer pool
2016-12-25 19:51:43 7120 [Note] InnoDB: Highest supported file format is Barracuda.
2016-12-25 19:51:43 7120 [Note] InnoDB: The log sequence numbers 6213758 and 6213758 in ibdata files do not match the log sequence number 6214434 in the ib_logfiles!
2016-12-25 19:51:43 7120 [Note] InnoDB: Database was not shutdown normally!
2016-12-25 19:51:43 7120 [Note] InnoDB: Starting crash recovery.
2016-12-25 19:51:43 7120 [Note] InnoDB: Reading tablespace information from the .ibd files...
2016-12-25 19:51:44 7120 [Note] InnoDB: Restoring possible half-written data pages 
2016-12-25 19:51:44 7120 [Note] InnoDB: from the doublewrite buffer...
InnoDB: Last MySQL binlog file position 0 18915, file name mysql-bin.000379
2016-12-25 19:51:48 7120 [Note] InnoDB: 128 rollback segment(s) are active.
2016-12-25 19:51:48 7120 [Note] InnoDB: Waiting for purge to start
2016-12-25 19:51:48 7120 [Note] InnoDB: 5.6.11 started; log sequence number 6214434
2016-12-25 19:51:48 7120 [Note] Recovering after a crash using mysql-bin
2016-12-25 19:51:48 7120 [Note] Starting crash recovery...
2016-12-25 19:51:48 7120 [Note] Crash recovery finished.
2016-12-25 19:51:53 7120 [Note] Server hostname (bind-address): '*'; port: 3306
2016-12-25 19:51:53 7120 [Note] IPv6 is available.
2016-12-25 19:51:53 7120 [Note]   - '::' resolves to '::';
2016-12-25 19:51:53 7120 [Note] Server socket created on IP: '::'.
2016-12-25 19:51:54 7120 [Warning] InnoDB: Cannot open table mysql/slave_master_info from the internal data dictionary of InnoDB though the .frm file for the table exists. See http://dev.mysql.com/doc/refman/5.6/en/innodb-troubleshooting.html for how you can resolve the problem.
2016-12-25 19:51:54 7120 [Warning] Info table is not ready to be used. Table 'mysql.slave_master_info' cannot be opened.
2016-12-25 19:51:55 7120 [Warning] InnoDB: Cannot open table mysql/slave_worker_info from the internal data dictionary of InnoDB though the .frm file for the table exists. See http://dev.mysql.com/doc/refman/5.6/en/innodb-troubleshooting.html for how you can resolve the problem.
2016-12-25 19:51:55 7120 [Warning] InnoDB: Cannot open table mysql/slave_relay_log_info from the internal data dictionary of InnoDB though the .frm file for the table exists. See http://dev.mysql.com/doc/refman/5.6/en/innodb-troubleshooting.html for how you can resolve the problem.
2016-12-25 19:51:55 7120 [Warning] Info table is not ready to be used. Table 'mysql.slave_relay_log_info' cannot be opened.
2016-12-25 19:51:57 7120 [Note] Event Scheduler: Loaded 0 events
2016-12-25 19:51:57 7120 [Note] C:\Users\JOHN\Downloads\IFC - 2016\2FASE\LPG1\UwAmp\bin\database\mysql-5.6.11\bin\mysqld.exe: ready for connections.
Version: '5.6.11-log'  socket: ''  port: 3306  MySQL Community Server (GPL)
2016-12-31 11:34:50 5348 [Note] Plugin 'FEDERATED' is disabled.
2016-12-31 11:34:50 5348 [Note] InnoDB: The InnoDB memory heap is disabled
2016-12-31 11:34:50 5348 [Note] InnoDB: Mutexes and rw_locks use Windows interlocked functions
2016-12-31 11:34:50 5348 [Note] InnoDB: Compressed tables use zlib 1.2.3
2016-12-31 11:34:50 5348 [Note] InnoDB: Not using CPU crc32 instructions
2016-12-31 11:34:50 5348 [Note] InnoDB: Initializing buffer pool, size = 128.0M
2016-12-31 11:34:50 5348 [Note] InnoDB: Completed initialization of buffer pool
2016-12-31 11:34:50 5348 [Note] InnoDB: Highest supported file format is Barracuda.
2016-12-31 11:34:50 5348 [Note] InnoDB: The log sequence numbers 6213758 and 6213758 in ibdata files do not match the log sequence number 6214444 in the ib_logfiles!
2016-12-31 11:34:50 5348 [Note] InnoDB: Database was not shutdown normally!
2016-12-31 11:34:50 5348 [Note] InnoDB: Starting crash recovery.
2016-12-31 11:34:50 5348 [Note] InnoDB: Reading tablespace information from the .ibd files...
2016-12-31 11:34:51 5348 [Note] InnoDB: Restoring possible half-written data pages 
2016-12-31 11:34:51 5348 [Note] InnoDB: from the doublewrite buffer...
InnoDB: Last MySQL binlog file position 0 18915, file name mysql-bin.000379
2016-12-31 11:34:54 5348 [Note] InnoDB: 128 rollback segment(s) are active.
2016-12-31 11:34:54 5348 [Note] InnoDB: Waiting for purge to start
2016-12-31 11:34:54 5348 [Note] InnoDB: 5.6.11 started; log sequence number 6214444
2016-12-31 11:34:54 5348 [Note] Recovering after a crash using mysql-bin
2016-12-31 11:34:54 5348 [Note] Starting crash recovery...
2016-12-31 11:34:54 5348 [Note] Crash recovery finished.
2016-12-31 11:34:58 5348 [Note] Server hostname (bind-address): '*'; port: 3306
2016-12-31 11:34:58 5348 [Note] IPv6 is available.
2016-12-31 11:34:58 5348 [Note]   - '::' resolves to '::';
2016-12-31 11:34:58 5348 [Note] Server socket created on IP: '::'.
2016-12-31 11:35:01 5348 [Warning] InnoDB: Cannot open table mysql/slave_master_info from the internal data dictionary of InnoDB though the .frm file for the table exists. See http://dev.mysql.com/doc/refman/5.6/en/innodb-troubleshooting.html for how you can resolve the problem.
2016-12-31 11:35:01 5348 [Warning] Info table is not ready to be used. Table 'mysql.slave_master_info' cannot be opened.
2016-12-31 11:35:01 5348 [Warning] InnoDB: Cannot open table mysql/slave_worker_info from the internal data dictionary of InnoDB though the .frm file for the table exists. See http://dev.mysql.com/doc/refman/5.6/en/innodb-troubleshooting.html for how you can resolve the problem.
2016-12-31 11:35:01 5348 [Warning] InnoDB: Cannot open table mysql/slave_relay_log_info from the internal data dictionary of InnoDB though the .frm file for the table exists. See http://dev.mysql.com/doc/refman/5.6/en/innodb-troubleshooting.html for how you can resolve the problem.
2016-12-31 11:35:01 5348 [Warning] Info table is not ready to be used. Table 'mysql.slave_relay_log_info' cannot be opened.
2016-12-31 11:35:02 5348 [Note] Event Scheduler: Loaded 0 events
2016-12-31 11:35:02 5348 [Note] C:\Users\JOHN\Downloads\IFC - 2016\2FASE\LPG1\UwAmp\bin\database\mysql-5.6.11\bin\mysqld.exe: ready for connections.
Version: '5.6.11-log'  socket: ''  port: 3306  MySQL Community Server (GPL)
2017-01-10 17:49:15 4288 [Note] Plugin 'FEDERATED' is disabled.
2017-01-10 17:49:15 4288 [Note] InnoDB: The InnoDB memory heap is disabled
2017-01-10 17:49:15 4288 [Note] InnoDB: Mutexes and rw_locks use Windows interlocked functions
2017-01-10 17:49:15 4288 [Note] InnoDB: Compressed tables use zlib 1.2.3
2017-01-10 17:49:15 4288 [Note] InnoDB: Not using CPU crc32 instructions
2017-01-10 17:49:15 4288 [Note] InnoDB: Initializing buffer pool, size = 128.0M
2017-01-10 17:49:15 4288 [Note] InnoDB: Completed initialization of buffer pool
2017-01-10 17:49:16 4288 [Note] InnoDB: Highest supported file format is Barracuda.
2017-01-10 17:49:16 4288 [Note] InnoDB: The log sequence numbers 6213758 and 6213758 in ibdata files do not match the log sequence number 6214454 in the ib_logfiles!
2017-01-10 17:49:16 4288 [Note] InnoDB: Database was not shutdown normally!
2017-01-10 17:49:16 4288 [Note] InnoDB: Starting crash recovery.
2017-01-10 17:49:16 4288 [Note] InnoDB: Reading tablespace information from the .ibd files...
2017-01-10 17:49:16 4288 [Note] InnoDB: Restoring possible half-written data pages 
2017-01-10 17:49:16 4288 [Note] InnoDB: from the doublewrite buffer...
InnoDB: Last MySQL binlog file position 0 18915, file name mysql-bin.000379
2017-01-10 17:49:19 4288 [Note] InnoDB: 128 rollback segment(s) are active.
2017-01-10 17:49:19 4288 [Note] InnoDB: Waiting for purge to start
2017-01-10 17:49:20 4288 [Note] InnoDB: 5.6.11 started; log sequence number 6214454
2017-01-10 17:49:20 4288 [Note] Recovering after a crash using mysql-bin
2017-01-10 17:49:20 4288 [Note] Starting crash recovery...
2017-01-10 17:49:20 4288 [Note] Crash recovery finished.
2017-01-10 17:49:22 4288 [Note] Server hostname (bind-address): '*'; port: 3306
2017-01-10 17:49:23 4288 [Note] IPv6 is available.
2017-01-10 17:49:23 4288 [Note]   - '::' resolves to '::';
2017-01-10 17:49:23 4288 [Note] Server socket created on IP: '::'.
2017-01-10 17:49:23 4288 [Warning] InnoDB: Cannot open table mysql/slave_master_info from the internal data dictionary of InnoDB though the .frm file for the table exists. See http://dev.mysql.com/doc/refman/5.6/en/innodb-troubleshooting.html for how you can resolve the problem.
2017-01-10 17:49:23 4288 [Warning] Info table is not ready to be used. Table 'mysql.slave_master_info' cannot be opened.
2017-01-10 17:49:24 4288 [Warning] InnoDB: Cannot open table mysql/slave_worker_info from the internal data dictionary of InnoDB though the .frm file for the table exists. See http://dev.mysql.com/doc/refman/5.6/en/innodb-troubleshooting.html for how you can resolve the problem.
2017-01-10 17:49:24 4288 [Warning] InnoDB: Cannot open table mysql/slave_relay_log_info from the internal data dictionary of InnoDB though the .frm file for the table exists. See http://dev.mysql.com/doc/refman/5.6/en/innodb-troubleshooting.html for how you can resolve the problem.
2017-01-10 17:49:24 4288 [Warning] Info table is not ready to be used. Table 'mysql.slave_relay_log_info' cannot be opened.
2017-01-10 17:49:25 4288 [Note] Event Scheduler: Loaded 0 events
2017-01-10 17:49:25 4288 [Note] C:\Users\JOHN\Downloads\IFC - 2016\2FASE\LPG1\UwAmp\bin\database\mysql-5.6.11\bin\mysqld.exe: ready for connections.
Version: '5.6.11-log'  socket: ''  port: 3306  MySQL Community Server (GPL)
2017-01-23 14:28:14 4192 [Note] Plugin 'FEDERATED' is disabled.
2017-01-23 14:28:15 4192 [Note] InnoDB: The InnoDB memory heap is disabled
2017-01-23 14:28:15 4192 [Note] InnoDB: Mutexes and rw_locks use Windows interlocked functions
2017-01-23 14:28:15 4192 [Note] InnoDB: Compressed tables use zlib 1.2.3
2017-01-23 14:28:15 4192 [Note] InnoDB: Not using CPU crc32 instructions
2017-01-23 14:28:15 4192 [Note] InnoDB: Initializing buffer pool, size = 128.0M
2017-01-23 14:28:15 4192 [Note] InnoDB: Completed initialization of buffer pool
2017-01-23 14:28:15 4192 [Note] InnoDB: Highest supported file format is Barracuda.
2017-01-23 14:28:15 4192 [Note] InnoDB: The log sequence numbers 6213758 and 6213758 in ibdata files do not match the log sequence number 6214464 in the ib_logfiles!
2017-01-23 14:28:15 4192 [Note] InnoDB: Database was not shutdown normally!
2017-01-23 14:28:15 4192 [Note] InnoDB: Starting crash recovery.
2017-01-23 14:28:15 4192 [Note] InnoDB: Reading tablespace information from the .ibd files...
2017-01-23 14:28:20 4192 [Note] InnoDB: Restoring possible half-written data pages 
2017-01-23 14:28:20 4192 [Note] InnoDB: from the doublewrite buffer...
InnoDB: Last MySQL binlog file position 0 18915, file name mysql-bin.000379
2017-01-23 14:28:26 4192 [Note] InnoDB: 128 rollback segment(s) are active.
2017-01-23 14:28:26 4192 [Note] InnoDB: Waiting for purge to start
2017-01-23 14:28:27 4192 [Note] InnoDB: 5.6.11 started; log sequence number 6214464
2017-01-23 14:28:27 4192 [Note] Recovering after a crash using mysql-bin
2017-01-23 14:28:27 4192 [Note] Starting crash recovery...
2017-01-23 14:28:27 4192 [Note] Crash recovery finished.
2017-01-23 14:28:40 4192 [Note] Server hostname (bind-address): '*'; port: 3306
2017-01-23 14:28:40 4192 [Note] IPv6 is available.
2017-01-23 14:28:40 4192 [Note]   - '::' resolves to '::';
2017-01-23 14:28:40 4192 [Note] Server socket created on IP: '::'.
2017-01-23 14:28:41 4192 [Warning] InnoDB: Cannot open table mysql/slave_master_info from the internal data dictionary of InnoDB though the .frm file for the table exists. See http://dev.mysql.com/doc/refman/5.6/en/innodb-troubleshooting.html for how you can resolve the problem.
2017-01-23 14:28:41 4192 [Warning] Info table is not ready to be used. Table 'mysql.slave_master_info' cannot be opened.
2017-01-23 14:28:41 4192 [Warning] InnoDB: Cannot open table mysql/slave_worker_info from the internal data dictionary of InnoDB though the .frm file for the table exists. See http://dev.mysql.com/doc/refman/5.6/en/innodb-troubleshooting.html for how you can resolve the problem.
2017-01-23 14:28:41 4192 [Warning] InnoDB: Cannot open table mysql/slave_relay_log_info from the internal data dictionary of InnoDB though the .frm file for the table exists. See http://dev.mysql.com/doc/refman/5.6/en/innodb-troubleshooting.html for how you can resolve the problem.
2017-01-23 14:28:41 4192 [Warning] Info table is not ready to be used. Table 'mysql.slave_relay_log_info' cannot be opened.
2017-01-23 14:28:42 4192 [Note] Event Scheduler: Loaded 0 events
2017-01-23 14:28:42 4192 [Note] C:\Users\JOHN\Downloads\IFC - 2016\2FASE\LPG1\UwAmp\bin\database\mysql-5.6.11\bin\mysqld.exe: ready for connections.
Version: '5.6.11-log'  socket: ''  port: 3306  MySQL Community Server (GPL)
2017-01-23 14:48:57 2364 [Note] Plugin 'FEDERATED' is disabled.
2017-01-23 14:48:57 2364 [Note] InnoDB: The InnoDB memory heap is disabled
2017-01-23 14:48:57 2364 [Note] InnoDB: Mutexes and rw_locks use Windows interlocked functions
2017-01-23 14:48:57 2364 [Note] InnoDB: Compressed tables use zlib 1.2.3
2017-01-23 14:48:57 2364 [Note] InnoDB: Not using CPU crc32 instructions
2017-01-23 14:48:57 2364 [Note] InnoDB: Initializing buffer pool, size = 128.0M
2017-01-23 14:48:58 2364 [Note] InnoDB: Completed initialization of buffer pool
2017-01-23 14:48:58 2364 [Note] InnoDB: Highest supported file format is Barracuda.
2017-01-23 14:48:58 2364 [Note] InnoDB: The log sequence numbers 6213758 and 6213758 in ibdata files do not match the log sequence number 6214474 in the ib_logfiles!
2017-01-23 14:48:58 2364 [Note] InnoDB: Database was not shutdown normally!
2017-01-23 14:48:58 2364 [Note] InnoDB: Starting crash recovery.
2017-01-23 14:48:58 2364 [Note] InnoDB: Reading tablespace information from the .ibd files...
2017-01-23 14:49:00 2364 [Note] InnoDB: Restoring possible half-written data pages 
2017-01-23 14:49:00 2364 [Note] InnoDB: from the doublewrite buffer...
InnoDB: Last MySQL binlog file position 0 18915, file name mysql-bin.000379
2017-01-23 14:49:03 2364 [Note] InnoDB: 128 rollback segment(s) are active.
2017-01-23 14:49:03 2364 [Note] InnoDB: Waiting for purge to start
2017-01-23 14:49:03 2364 [Note] InnoDB: 5.6.11 started; log sequence number 6214474
2017-01-23 14:49:03 2364 [Note] Recovering after a crash using mysql-bin
2017-01-23 14:49:03 2364 [Note] Starting crash recovery...
2017-01-23 14:49:03 2364 [Note] Crash recovery finished.
2017-01-23 14:49:10 2364 [Note] Server hostname (bind-address): '*'; port: 3306
2017-01-23 14:49:10 2364 [Note] IPv6 is available.
2017-01-23 14:49:10 2364 [Note]   - '::' resolves to '::';
2017-01-23 14:49:10 2364 [Note] Server socket created on IP: '::'.
2017-01-23 14:49:11 2364 [Warning] InnoDB: Cannot open table mysql/slave_master_info from the internal data dictionary of InnoDB though the .frm file for the table exists. See http://dev.mysql.com/doc/refman/5.6/en/innodb-troubleshooting.html for how you can resolve the problem.
2017-01-23 14:49:11 2364 [Warning] Info table is not ready to be used. Table 'mysql.slave_master_info' cannot be opened.
2017-01-23 14:49:11 2364 [Warning] InnoDB: Cannot open table mysql/slave_worker_info from the internal data dictionary of InnoDB though the .frm file for the table exists. See http://dev.mysql.com/doc/refman/5.6/en/innodb-troubleshooting.html for how you can resolve the problem.
2017-01-23 14:49:11 2364 [Warning] InnoDB: Cannot open table mysql/slave_relay_log_info from the internal data dictionary of InnoDB though the .frm file for the table exists. See http://dev.mysql.com/doc/refman/5.6/en/innodb-troubleshooting.html for how you can resolve the problem.
2017-01-23 14:49:11 2364 [Warning] Info table is not ready to be used. Table 'mysql.slave_relay_log_info' cannot be opened.
2017-01-23 14:49:13 2364 [Note] Event Scheduler: Loaded 0 events
2017-01-23 14:49:13 2364 [Note] C:\Users\JOHN\Downloads\IFC - 2016\2FASE\LPG1\UwAmp\bin\database\mysql-5.6.11\bin\mysqld.exe: ready for connections.
Version: '5.6.11-log'  socket: ''  port: 3306  MySQL Community Server (GPL)
2017-01-24 09:29:36 1064 [Note] Plugin 'FEDERATED' is disabled.
2017-01-24 09:29:36 1064 [Note] InnoDB: The InnoDB memory heap is disabled
2017-01-24 09:29:36 1064 [Note] InnoDB: Mutexes and rw_locks use Windows interlocked functions
2017-01-24 09:29:37 1064 [Note] InnoDB: Compressed tables use zlib 1.2.3
2017-01-24 09:29:37 1064 [Note] InnoDB: Not using CPU crc32 instructions
2017-01-24 09:29:37 1064 [Note] InnoDB: Initializing buffer pool, size = 128.0M
2017-01-24 09:29:37 1064 [Note] InnoDB: Completed initialization of buffer pool
2017-01-24 09:29:37 1064 [Note] InnoDB: Highest supported file format is Barracuda.
2017-01-24 09:29:37 1064 [Note] InnoDB: The log sequence numbers 6213758 and 6213758 in ibdata files do not match the log sequence number 6214484 in the ib_logfiles!
2017-01-24 09:29:37 1064 [Note] InnoDB: Database was not shutdown normally!
2017-01-24 09:29:37 1064 [Note] InnoDB: Starting crash recovery.
2017-01-24 09:29:37 1064 [Note] InnoDB: Reading tablespace information from the .ibd files...
2017-01-24 09:29:38 1064 [Note] InnoDB: Restoring possible half-written data pages 
2017-01-24 09:29:38 1064 [Note] InnoDB: from the doublewrite buffer...
InnoDB: Last MySQL binlog file position 0 18915, file name mysql-bin.000379
2017-01-24 09:29:42 1064 [Note] InnoDB: 128 rollback segment(s) are active.
2017-01-24 09:29:42 1064 [Note] InnoDB: Waiting for purge to start
2017-01-24 09:29:42 1064 [Note] InnoDB: 5.6.11 started; log sequence number 6214484
2017-01-24 09:29:42 1064 [Note] Recovering after a crash using mysql-bin
2017-01-24 09:29:42 1064 [Note] Starting crash recovery...
2017-01-24 09:29:42 1064 [Note] Crash recovery finished.
2017-01-24 09:29:46 1064 [Note] Server hostname (bind-address): '*'; port: 3306
2017-01-24 09:29:46 1064 [Note] IPv6 is available.
2017-01-24 09:29:46 1064 [Note]   - '::' resolves to '::';
2017-01-24 09:29:46 1064 [Note] Server socket created on IP: '::'.
2017-01-24 09:29:46 1064 [Warning] InnoDB: Cannot open table mysql/slave_master_info from the internal data dictionary of InnoDB though the .frm file for the table exists. See http://dev.mysql.com/doc/refman/5.6/en/innodb-troubleshooting.html for how you can resolve the problem.
2017-01-24 09:29:47 1064 [Warning] Info table is not ready to be used. Table 'mysql.slave_master_info' cannot be opened.
2017-01-24 09:29:47 1064 [Warning] InnoDB: Cannot open table mysql/slave_worker_info from the internal data dictionary of InnoDB though the .frm file for the table exists. See http://dev.mysql.com/doc/refman/5.6/en/innodb-troubleshooting.html for how you can resolve the problem.
2017-01-24 09:29:47 1064 [Warning] InnoDB: Cannot open table mysql/slave_relay_log_info from the internal data dictionary of InnoDB though the .frm file for the table exists. See http://dev.mysql.com/doc/refman/5.6/en/innodb-troubleshooting.html for how you can resolve the problem.
2017-01-24 09:29:47 1064 [Warning] Info table is not ready to be used. Table 'mysql.slave_relay_log_info' cannot be opened.
2017-01-24 09:29:47 1064 [Note] Event Scheduler: Loaded 0 events
2017-01-24 09:29:47 1064 [Note] C:\Users\JOHN\Downloads\IFC - 2016\2FASE\LPG1\UwAmp\bin\database\mysql-5.6.11\bin\mysqld.exe: ready for connections.
Version: '5.6.11-log'  socket: ''  port: 3306  MySQL Community Server (GPL)
