2014-09-11 14:43:52 1844 [Note] Plugin 'FEDERATED' is disabled.
2014-09-11 14:43:52 1844 [Note] InnoDB: The InnoDB memory heap is disabled
2014-09-11 14:43:52 1844 [Note] InnoDB: Mutexes and rw_locks use Windows interlocked functions
2014-09-11 14:43:52 1844 [Note] InnoDB: Compressed tables use zlib 1.2.3
2014-09-11 14:43:52 1844 [Note] InnoDB: Not using CPU crc32 instructions
2014-09-11 14:43:52 1844 [Note] InnoDB: Initializing buffer pool, size = 128.0M
2014-09-11 14:43:52 1844 [Note] InnoDB: Completed initialization of buffer pool
2014-09-11 14:43:52 1844 [Note] InnoDB: Highest supported file format is Barracuda.
2014-09-11 14:43:53 1844 [Note] InnoDB: 128 rollback segment(s) are active.
2014-09-11 14:43:53 1844 [Note] InnoDB: Waiting for purge to start
2014-09-11 14:43:53 1844 [Note] InnoDB: 5.6.11 started; log sequence number 1651990
2014-09-11 14:43:54 1844 [Note] Server hostname (bind-address): '*'; port: 3306
2014-09-11 14:43:54 1844 [Note] IPv6 is available.
2014-09-11 14:43:54 1844 [Note]   - '::' resolves to '::';
2014-09-11 14:43:54 1844 [Note] Server socket created on IP: '::'.
2014-09-11 14:43:54 1844 [Warning] InnoDB: Cannot open table mysql/slave_master_info from the internal data dictionary of InnoDB though the .frm file for the table exists. See http://dev.mysql.com/doc/refman/5.6/en/innodb-troubleshooting.html for how you can resolve the problem.
2014-09-11 14:43:54 1844 [Warning] Info table is not ready to be used. Table 'mysql.slave_master_info' cannot be opened.
2014-09-11 14:43:54 1844 [Warning] InnoDB: Cannot open table mysql/slave_worker_info from the internal data dictionary of InnoDB though the .frm file for the table exists. See http://dev.mysql.com/doc/refman/5.6/en/innodb-troubleshooting.html for how you can resolve the problem.
2014-09-11 14:43:54 1844 [Warning] InnoDB: Cannot open table mysql/slave_relay_log_info from the internal data dictionary of InnoDB though the .frm file for the table exists. See http://dev.mysql.com/doc/refman/5.6/en/innodb-troubleshooting.html for how you can resolve the problem.
2014-09-11 14:43:54 1844 [Warning] Info table is not ready to be used. Table 'mysql.slave_relay_log_info' cannot be opened.
2014-09-11 14:43:55 1844 [Note] Event Scheduler: Loaded 0 events
2014-09-11 14:43:55 1844 [Note] F:\UwAmp\bin\database\mysql-5.6.11\bin\mysqld.exe: ready for connections.
Version: '5.6.11-log'  socket: ''  port: 3306  MySQL Community Server (GPL)
2014-09-11 14:44:05 1320 InnoDB: Error: Table "mysql"."innodb_table_stats" not found.
2014-09-11 14:44:05 1320 InnoDB: Error: Fetch of persistent statistics requested for table "mferraz"."pagina" but the required system tables mysql.innodb_table_stats and mysql.innodb_index_stats are not present or have unexpected structure. Using transient stats instead.
2014-09-11 15:31:39 1844 [Note] F:\UwAmp\bin\database\mysql-5.6.11\bin\mysqld.exe: Normal shutdown

2014-09-11 15:31:39 1844 [Note] Giving 0 client threads a chance to die gracefully
2014-09-11 15:31:39 1844 [Note] Event Scheduler: Purging the queue. 0 events
2014-09-11 15:31:39 1844 [Note] Shutting down slave threads
2014-09-11 15:31:39 1844 [Note] Forcefully disconnecting 0 remaining clients
2014-09-11 15:31:39 1844 [Note] Binlog end
2014-09-11 15:31:39 1844 [Note] Shutting down plugin 'partition'
2014-09-11 15:31:39 1844 [Note] Shutting down plugin 'PERFORMANCE_SCHEMA'
2014-09-11 15:31:39 1844 [Note] Shutting down plugin 'INNODB_SYS_DATAFILES'
2014-09-11 15:31:39 1844 [Note] Shutting down plugin 'INNODB_SYS_TABLESPACES'
2014-09-11 15:31:39 1844 [Note] Shutting down plugin 'INNODB_SYS_FOREIGN_COLS'
2014-09-11 15:31:39 1844 [Note] Shutting down plugin 'INNODB_SYS_FOREIGN'
2014-09-11 15:31:39 1844 [Note] Shutting down plugin 'INNODB_SYS_FIELDS'
2014-09-11 15:31:39 1844 [Note] Shutting down plugin 'INNODB_SYS_COLUMNS'
2014-09-11 15:31:39 1844 [Note] Shutting down plugin 'INNODB_SYS_INDEXES'
2014-09-11 15:31:39 1844 [Note] Shutting down plugin 'INNODB_SYS_TABLESTATS'
2014-09-11 15:31:39 1844 [Note] Shutting down plugin 'INNODB_SYS_TABLES'
2014-09-11 15:31:39 1844 [Note] Shutting down plugin 'INNODB_FT_INDEX_TABLE'
2014-09-11 15:31:39 1844 [Note] Shutting down plugin 'INNODB_FT_INDEX_CACHE'
2014-09-11 15:31:39 1844 [Note] Shutting down plugin 'INNODB_FT_CONFIG'
2014-09-11 15:31:39 1844 [Note] Shutting down plugin 'INNODB_FT_BEING_DELETED'
2014-09-11 15:31:39 1844 [Note] Shutting down plugin 'INNODB_FT_DELETED'
2014-09-11 15:31:39 1844 [Note] Shutting down plugin 'INNODB_FT_DEFAULT_STOPWORD'
2014-09-11 15:31:39 1844 [Note] Shutting down plugin 'INNODB_METRICS'
2014-09-11 15:31:39 1844 [Note] Shutting down plugin 'INNODB_BUFFER_POOL_STATS'
2014-09-11 15:31:39 1844 [Note] Shutting down plugin 'INNODB_BUFFER_PAGE_LRU'
2014-09-11 15:31:39 1844 [Note] Shutting down plugin 'INNODB_BUFFER_PAGE'
2014-09-11 15:31:39 1844 [Note] Shutting down plugin 'INNODB_CMP_PER_INDEX_RESET'
2014-09-11 15:31:39 1844 [Note] Shutting down plugin 'INNODB_CMP_PER_INDEX'
2014-09-11 15:31:39 1844 [Note] Shutting down plugin 'INNODB_CMPMEM_RESET'
2014-09-11 15:31:39 1844 [Note] Shutting down plugin 'INNODB_CMPMEM'
2014-09-11 15:31:39 1844 [Note] Shutting down plugin 'INNODB_CMP_RESET'
2014-09-11 15:31:39 1844 [Note] Shutting down plugin 'INNODB_CMP'
2014-09-11 15:31:39 1844 [Note] Shutting down plugin 'INNODB_LOCK_WAITS'
2014-09-11 15:31:39 1844 [Note] Shutting down plugin 'INNODB_LOCKS'
2014-09-11 15:31:39 1844 [Note] Shutting down plugin 'INNODB_TRX'
2014-09-11 15:31:39 1844 [Note] Shutting down plugin 'InnoDB'
2014-09-11 15:31:39 1844 [Note] InnoDB: FTS optimize thread exiting.
2014-09-11 15:31:39 1844 [Note] InnoDB: Starting shutdown...
2014-09-11 15:31:40 1844 [Note] InnoDB: Shutdown completed; log sequence number 1652000
2014-09-11 15:31:40 1844 [Note] Shutting down plugin 'BLACKHOLE'
2014-09-11 15:31:40 1844 [Note] Shutting down plugin 'ARCHIVE'
2014-09-11 15:31:40 1844 [Note] Shutting down plugin 'MRG_MYISAM'
2014-09-11 15:31:40 1844 [Note] Shutting down plugin 'MyISAM'
2014-09-11 15:31:40 1844 [Note] Shutting down plugin 'MEMORY'
2014-09-11 15:31:40 1844 [Note] Shutting down plugin 'CSV'
2014-09-11 15:31:40 1844 [Note] Shutting down plugin 'sha256_password'
2014-09-11 15:31:40 1844 [Note] Shutting down plugin 'mysql_old_password'
2014-09-11 15:31:40 1844 [Note] Shutting down plugin 'mysql_native_password'
2014-09-11 15:31:40 1844 [Note] Shutting down plugin 'binlog'
2014-09-11 15:31:40 1844 [Note] F:\UwAmp\bin\database\mysql-5.6.11\bin\mysqld.exe: Shutdown complete

2014-09-12 15:15:31 4916 [Note] Plugin 'FEDERATED' is disabled.
2014-09-12 15:15:31 4916 [Note] InnoDB: The InnoDB memory heap is disabled
2014-09-12 15:15:31 4916 [Note] InnoDB: Mutexes and rw_locks use Windows interlocked functions
2014-09-12 15:15:31 4916 [Note] InnoDB: Compressed tables use zlib 1.2.3
2014-09-12 15:15:31 4916 [Note] InnoDB: Not using CPU crc32 instructions
2014-09-12 15:15:31 4916 [Note] InnoDB: Initializing buffer pool, size = 128.0M
2014-09-12 15:15:31 4916 [Note] InnoDB: Completed initialization of buffer pool
2014-09-12 15:15:31 4916 [Note] InnoDB: Highest supported file format is Barracuda.
2014-09-12 15:15:32 4916 [Note] InnoDB: 128 rollback segment(s) are active.
2014-09-12 15:15:32 4916 [Note] InnoDB: Waiting for purge to start
2014-09-12 15:15:32 4916 [Note] InnoDB: 5.6.11 started; log sequence number 1652040
2014-09-12 15:15:33 4916 [Note] Server hostname (bind-address): '*'; port: 3306
2014-09-12 15:15:33 4916 [Note] IPv6 is available.
2014-09-12 15:15:33 4916 [Note]   - '::' resolves to '::';
2014-09-12 15:15:33 4916 [Note] Server socket created on IP: '::'.
2014-09-12 15:15:33 4916 [Warning] InnoDB: Cannot open table mysql/slave_master_info from the internal data dictionary of InnoDB though the .frm file for the table exists. See http://dev.mysql.com/doc/refman/5.6/en/innodb-troubleshooting.html for how you can resolve the problem.
2014-09-12 15:15:33 4916 [Warning] Info table is not ready to be used. Table 'mysql.slave_master_info' cannot be opened.
2014-09-12 15:15:33 4916 [Warning] InnoDB: Cannot open table mysql/slave_worker_info from the internal data dictionary of InnoDB though the .frm file for the table exists. See http://dev.mysql.com/doc/refman/5.6/en/innodb-troubleshooting.html for how you can resolve the problem.
2014-09-12 15:15:33 4916 [Warning] InnoDB: Cannot open table mysql/slave_relay_log_info from the internal data dictionary of InnoDB though the .frm file for the table exists. See http://dev.mysql.com/doc/refman/5.6/en/innodb-troubleshooting.html for how you can resolve the problem.
2014-09-12 15:15:33 4916 [Warning] Info table is not ready to be used. Table 'mysql.slave_relay_log_info' cannot be opened.
2014-09-12 15:15:33 4916 [Note] Event Scheduler: Loaded 0 events
2014-09-12 15:15:33 4916 [Note] F:\UwAmp\bin\database\mysql-5.6.11\bin\mysqld.exe: ready for connections.
Version: '5.6.11-log'  socket: ''  port: 3306  MySQL Community Server (GPL)
2014-09-12 15:15:54 1678 InnoDB: Error: Table "mysql"."innodb_table_stats" not found.
2014-09-12 15:15:54 1678 InnoDB: Error: Fetch of persistent statistics requested for table "mferraz"."pagina" but the required system tables mysql.innodb_table_stats and mysql.innodb_index_stats are not present or have unexpected structure. Using transient stats instead.
2014-09-12 16:07:04 4916 [Note] F:\UwAmp\bin\database\mysql-5.6.11\bin\mysqld.exe: Normal shutdown

2014-09-12 16:07:04 4916 [Note] Giving 0 client threads a chance to die gracefully
2014-09-12 16:07:04 4916 [Note] Event Scheduler: Purging the queue. 0 events
2014-09-12 16:07:04 4916 [Note] Shutting down slave threads
2014-09-12 16:07:04 4916 [Note] Forcefully disconnecting 0 remaining clients
2014-09-12 16:07:04 4916 [Note] Binlog end
2014-09-12 16:07:04 4916 [Note] Shutting down plugin 'partition'
2014-09-12 16:07:04 4916 [Note] Shutting down plugin 'PERFORMANCE_SCHEMA'
2014-09-12 16:07:04 4916 [Note] Shutting down plugin 'INNODB_SYS_DATAFILES'
2014-09-12 16:07:04 4916 [Note] Shutting down plugin 'INNODB_SYS_TABLESPACES'
2014-09-12 16:07:04 4916 [Note] Shutting down plugin 'INNODB_SYS_FOREIGN_COLS'
2014-09-12 16:07:04 4916 [Note] Shutting down plugin 'INNODB_SYS_FOREIGN'
2014-09-12 16:07:04 4916 [Note] Shutting down plugin 'INNODB_SYS_FIELDS'
2014-09-12 16:07:04 4916 [Note] Shutting down plugin 'INNODB_SYS_COLUMNS'
2014-09-12 16:07:04 4916 [Note] Shutting down plugin 'INNODB_SYS_INDEXES'
2014-09-12 16:07:04 4916 [Note] Shutting down plugin 'INNODB_SYS_TABLESTATS'
2014-09-12 16:07:04 4916 [Note] Shutting down plugin 'INNODB_SYS_TABLES'
2014-09-12 16:07:04 4916 [Note] Shutting down plugin 'INNODB_FT_INDEX_TABLE'
2014-09-12 16:07:04 4916 [Note] Shutting down plugin 'INNODB_FT_INDEX_CACHE'
2014-09-12 16:07:04 4916 [Note] Shutting down plugin 'INNODB_FT_CONFIG'
2014-09-12 16:07:04 4916 [Note] Shutting down plugin 'INNODB_FT_BEING_DELETED'
2014-09-12 16:07:04 4916 [Note] Shutting down plugin 'INNODB_FT_DELETED'
2014-09-12 16:07:04 4916 [Note] Shutting down plugin 'INNODB_FT_DEFAULT_STOPWORD'
2014-09-12 16:07:04 4916 [Note] Shutting down plugin 'INNODB_METRICS'
2014-09-12 16:07:04 4916 [Note] Shutting down plugin 'INNODB_BUFFER_POOL_STATS'
2014-09-12 16:07:04 4916 [Note] Shutting down plugin 'INNODB_BUFFER_PAGE_LRU'
2014-09-12 16:07:04 4916 [Note] Shutting down plugin 'INNODB_BUFFER_PAGE'
2014-09-12 16:07:04 4916 [Note] Shutting down plugin 'INNODB_CMP_PER_INDEX_RESET'
2014-09-12 16:07:04 4916 [Note] Shutting down plugin 'INNODB_CMP_PER_INDEX'
2014-09-12 16:07:04 4916 [Note] Shutting down plugin 'INNODB_CMPMEM_RESET'
2014-09-12 16:07:04 4916 [Note] Shutting down plugin 'INNODB_CMPMEM'
2014-09-12 16:07:04 4916 [Note] Shutting down plugin 'INNODB_CMP_RESET'
2014-09-12 16:07:04 4916 [Note] Shutting down plugin 'INNODB_CMP'
2014-09-12 16:07:04 4916 [Note] Shutting down plugin 'INNODB_LOCK_WAITS'
2014-09-12 16:07:04 4916 [Note] Shutting down plugin 'INNODB_LOCKS'
2014-09-12 16:07:04 4916 [Note] Shutting down plugin 'INNODB_TRX'
2014-09-12 16:07:04 4916 [Note] Shutting down plugin 'InnoDB'
2014-09-12 16:07:04 4916 [Note] InnoDB: FTS optimize thread exiting.
2014-09-12 16:07:04 4916 [Note] InnoDB: Starting shutdown...
